[0.064s] Invoking command in '/home/swapnil/ros2_ws/build/my_cpp_pkg': CMAKE_PREFIX_PATH=${CMAKE_PREFIX_PATH}:/home/swapnil/ros2_ws/install/my_py_pkg:/opt/ros/humble /usr/bin/cmake --build /home/swapnil/ros2_ws/build/my_cpp_pkg -- -j7 -l7
[0.101s] [35m[1mConsolidate compiler generated dependencies of target robot_news_station[0m
[0.140s] [ 50%] Built target cpp_node
[0.151s] [ 75%] [32mBuilding CXX object CMakeFiles/robot_news_station.dir/src/robot_news_station.cpp.o[0m
[2.888s] [100%] [32m[1mLinking CXX executable robot_news_station[0m
[3.129s] [100%] Built target robot_news_station
[3.153s] Invoked command in '/home/swapnil/ros2_ws/build/my_cpp_pkg' returned '0': CMAKE_PREFIX_PATH=${CMAKE_PREFIX_PATH}:/home/swapnil/ros2_ws/install/my_py_pkg:/opt/ros/humble /usr/bin/cmake --build /home/swapnil/ros2_ws/build/my_cpp_pkg -- -j7 -l7
[3.217s] Invoking command in '/home/swapnil/ros2_ws/build/my_cpp_pkg': CMAKE_PREFIX_PATH=${CMAKE_PREFIX_PATH}:/home/swapnil/ros2_ws/install/my_py_pkg:/opt/ros/humble /usr/bin/cmake --install /home/swapnil/ros2_ws/build/my_cpp_pkg
[3.224s] -- Install configuration: ""
[3.228s] -- Up-to-date: /home/swapnil/ros2_ws/install/my_cpp_pkg/lib/my_cpp_pkg/cpp_node
[3.229s] -- Installing: /home/swapnil/ros2_ws/install/my_cpp_pkg/lib/my_cpp_pkg/robot_news_station
[3.230s] -- Set runtime path of "/home/swapnil/ros2_ws/install/my_cpp_pkg/lib/my_cpp_pkg/robot_news_station" to ""
[3.231s] -- Installing: /home/swapnil/ros2_ws/install/my_cpp_pkg/share/ament_index/resource_index/package_run_dependencies/my_cpp_pkg
[3.231s] -- Up-to-date: /home/swapnil/ros2_ws/install/my_cpp_pkg/share/ament_index/resource_index/parent_prefix_path/my_cpp_pkg
[3.231s] -- Up-to-date: /home/swapnil/ros2_ws/install/my_cpp_pkg/share/my_cpp_pkg/environment/ament_prefix_path.sh
[3.231s] -- Installing: /home/swapnil/ros2_ws/install/my_cpp_pkg/share/my_cpp_pkg/environment/ament_prefix_path.dsv
[3.231s] -- Up-to-date: /home/swapnil/ros2_ws/install/my_cpp_pkg/share/my_cpp_pkg/environment/path.sh
[3.232s] -- Installing: /home/swapnil/ros2_ws/install/my_cpp_pkg/share/my_cpp_pkg/environment/path.dsv
[3.232s] -- Up-to-date: /home/swapnil/ros2_ws/install/my_cpp_pkg/share/my_cpp_pkg/local_setup.bash
[3.232s] -- Up-to-date: /home/swapnil/ros2_ws/install/my_cpp_pkg/share/my_cpp_pkg/local_setup.sh
[3.232s] -- Up-to-date: /home/swapnil/ros2_ws/install/my_cpp_pkg/share/my_cpp_pkg/local_setup.zsh
[3.232s] -- Installing: /home/swapnil/ros2_ws/install/my_cpp_pkg/share/my_cpp_pkg/local_setup.dsv
[3.232s] -- Installing: /home/swapnil/ros2_ws/install/my_cpp_pkg/share/my_cpp_pkg/package.dsv
[3.232s] -- Up-to-date: /home/swapnil/ros2_ws/install/my_cpp_pkg/share/ament_index/resource_index/packages/my_cpp_pkg
[3.233s] -- Up-to-date: /home/swapnil/ros2_ws/install/my_cpp_pkg/share/my_cpp_pkg/cmake/my_cpp_pkgConfig.cmake
[3.233s] -- Up-to-date: /home/swapnil/ros2_ws/install/my_cpp_pkg/share/my_cpp_pkg/cmake/my_cpp_pkgConfig-version.cmake
[3.233s] -- Installing: /home/swapnil/ros2_ws/install/my_cpp_pkg/share/my_cpp_pkg/package.xml
[3.237s] Invoked command in '/home/swapnil/ros2_ws/build/my_cpp_pkg' returned '0': CMAKE_PREFIX_PATH=${CMAKE_PREFIX_PATH}:/home/swapnil/ros2_ws/install/my_py_pkg:/opt/ros/humble /usr/bin/cmake --install /home/swapnil/ros2_ws/build/my_cpp_pkg
