[0.402s] Invoking command in '/home/swapnil/ros2_ws/build/my_py_pkg': PYTHONPATH=/home/swapnil/ros2_ws/build/my_py_pkg/prefix_override:/home/swapnil/ros2_ws/install/my_py_pkg/lib/python3.10/site-packages:${PYTHONPATH} /usr/bin/python3 setup.py develop --editable --build-directory /home/swapnil/ros2_ws/build/my_py_pkg/build --no-deps install_data
[0.561s] running develop
[0.636s] running egg_info
[0.636s] writing my_py_pkg.egg-info/PKG-INFO
[0.637s] writing dependency_links to my_py_pkg.egg-info/dependency_links.txt
[0.637s] writing entry points to my_py_pkg.egg-info/entry_points.txt
[0.637s] writing requirements to my_py_pkg.egg-info/requires.txt
[0.637s] writing top-level names to my_py_pkg.egg-info/top_level.txt
[0.639s] reading manifest file 'my_py_pkg.egg-info/SOURCES.txt'
[0.639s] writing manifest file 'my_py_pkg.egg-info/SOURCES.txt'
[0.640s] running build_ext
[0.640s] Creating /home/swapnil/ros2_ws/install/my_py_pkg/lib/python3.10/site-packages/my-py-pkg.egg-link (link to .)
[0.642s] Installing add_two_ints_server script to /home/swapnil/ros2_ws/install/my_py_pkg/lib/my_py_pkg
[0.642s] Installing number_counter script to /home/swapnil/ros2_ws/install/my_py_pkg/lib/my_py_pkg
[0.642s] Installing number_publisher script to /home/swapnil/ros2_ws/install/my_py_pkg/lib/my_py_pkg
[0.642s] Installing py_node script to /home/swapnil/ros2_ws/install/my_py_pkg/lib/my_py_pkg
[0.642s] Installing robot_news_station script to /home/swapnil/ros2_ws/install/my_py_pkg/lib/my_py_pkg
[0.643s] Installing smartphone script to /home/swapnil/ros2_ws/install/my_py_pkg/lib/my_py_pkg
[0.643s] 
[0.643s] Installed /home/swapnil/ros2_ws/build/my_py_pkg
[0.643s] running install_data
[0.661s] Invoked command in '/home/swapnil/ros2_ws/build/my_py_pkg' returned '0': PYTHONPATH=/home/swapnil/ros2_ws/build/my_py_pkg/prefix_override:/home/swapnil/ros2_ws/install/my_py_pkg/lib/python3.10/site-packages:${PYTHONPATH} /usr/bin/python3 setup.py develop --editable --build-directory /home/swapnil/ros2_ws/build/my_py_pkg/build --no-deps install_data
