[0.050s] Invoking command in '/home/swapnil/ros2_ws/build/my_robot_interface': CMAKE_PREFIX_PATH=${CMAKE_PREFIX_PATH}:/home/swapnil/ros2_ws/install/my_py_pkg:/opt/ros/humble /usr/bin/cmake /home/swapnil/ros2_ws/src/my_robot_interface -DCMAKE_INSTALL_PREFIX=/home/swapnil/ros2_ws/install/my_robot_interface
[0.229s] -- The C compiler identification is GNU 11.4.0
[0.375s] -- The CXX compiler identification is GNU 11.4.0
[0.389s] -- Detecting C compiler ABI info
[0.467s] -- Detecting C compiler ABI info - done
[0.471s] -- Check for working C compiler: /usr/bin/cc - skipped
[0.472s] -- Detecting C compile features
[0.473s] -- Detecting C compile features - done
[0.477s] -- Detecting CXX compiler ABI info
[0.542s] -- Detecting CXX compiler ABI info - done
[0.547s] -- Check for working CXX compiler: /usr/bin/c++ - skipped
[0.547s] -- Detecting CXX compile features
[0.547s] -- Detecting CXX compile features - done
[0.553s] -- Found ament_cmake: 1.3.6 (/opt/ros/humble/share/ament_cmake/cmake)
[0.680s] -- Found Python3: /usr/bin/python3.10 (found version "3.10.12") found components: Interpreter 
[0.795s] -- Found rosidl_default_generators: 1.2.0 (/opt/ros/humble/share/rosidl_default_generators/cmake)
[0.802s] -- Using all available rosidl_typesupport_c: rosidl_typesupport_fastrtps_c;rosidl_typesupport_introspection_c
[0.812s] -- Found rosidl_adapter: 3.1.5 (/opt/ros/humble/share/rosidl_adapter/cmake)
[0.889s] -- Using all available rosidl_typesupport_cpp: rosidl_typesupport_fastrtps_cpp;rosidl_typesupport_introspection_cpp
[1.106s] -- Found ament_cmake_ros: 0.10.0 (/opt/ros/humble/share/ament_cmake_ros/cmake)
[1.236s] -- Using all available rosidl_typesupport_c: rosidl_typesupport_fastrtps_c;rosidl_typesupport_introspection_c
[1.399s] -- Using all available rosidl_typesupport_cpp: rosidl_typesupport_fastrtps_cpp;rosidl_typesupport_introspection_cpp
[1.414s] -- Found PythonInterp: /usr/bin/python3 (found suitable version "3.10.12", minimum required is "3.6") 
[1.417s] -- Found python_cmake_module: 0.10.0 (/opt/ros/humble/share/python_cmake_module/cmake)
[1.439s] -- Found PythonLibs: /usr/lib/x86_64-linux-gnu/libpython3.10.so (found suitable version "3.10.12", minimum required is "3.5") 
[1.439s] -- Using PYTHON_EXECUTABLE: /usr/bin/python3
[1.439s] -- Using PYTHON_INCLUDE_DIRS: /usr/include/python3.10
[1.439s] -- Using PYTHON_LIBRARIES: /usr/lib/x86_64-linux-gnu/libpython3.10.so
[1.458s] -- Found PythonExtra: .so  
[1.501s] -- Configuring done
[1.522s] -- Generating done
[1.524s] -- Build files have been written to: /home/swapnil/ros2_ws/build/my_robot_interface
[1.530s] Invoked command in '/home/swapnil/ros2_ws/build/my_robot_interface' returned '0': CMAKE_PREFIX_PATH=${CMAKE_PREFIX_PATH}:/home/swapnil/ros2_ws/install/my_py_pkg:/opt/ros/humble /usr/bin/cmake /home/swapnil/ros2_ws/src/my_robot_interface -DCMAKE_INSTALL_PREFIX=/home/swapnil/ros2_ws/install/my_robot_interface
[1.530s] Invoking command in '/home/swapnil/ros2_ws/build/my_robot_interface': CMAKE_PREFIX_PATH=${CMAKE_PREFIX_PATH}:/home/swapnil/ros2_ws/install/my_py_pkg:/opt/ros/humble /usr/bin/cmake --build /home/swapnil/ros2_ws/build/my_robot_interface -- -j7 -l7
[1.566s] [  3%] [34m[1mGenerating C code for ROS interfaces[0m
[1.576s] [  6%] [34m[1mGenerating C++ code for ROS interfaces[0m
[1.589s] [  6%] Built target ament_cmake_python_copy_my_robot_interface
[1.784s] [  6%] Built target my_robot_interface__cpp
[1.791s] [  9%] [32mBuilding C object CMakeFiles/my_robot_interface__rosidl_generator_c.dir/rosidl_generator_c/my_robot_interface/msg/detail/hardware_status__functions.c.o[0m
[1.794s] [ 12%] [34m[1mGenerating C++ introspection for ROS interfaces[0m
[1.795s] [ 16%] [34m[1mGenerating C++ type support dispatch for ROS interfaces[0m
[1.796s] [ 19%] [34m[1mGenerating C++ type support for eProsima Fast-RTPS[0m
[1.801s] running egg_info
[1.802s] creating my_robot_interface.egg-info
[1.802s] writing my_robot_interface.egg-info/PKG-INFO
[1.802s] writing dependency_links to my_robot_interface.egg-info/dependency_links.txt
[1.803s] writing top-level names to my_robot_interface.egg-info/top_level.txt
[1.803s] writing manifest file 'my_robot_interface.egg-info/SOURCES.txt'
[1.807s] reading manifest file 'my_robot_interface.egg-info/SOURCES.txt'
[1.808s] writing manifest file 'my_robot_interface.egg-info/SOURCES.txt'
[1.836s] [ 19%] Built target ament_cmake_python_build_my_robot_interface_egg
[1.889s] [ 22%] [32m[1mLinking C shared library libmy_robot_interface__rosidl_generator_c.so[0m
[1.955s] [ 25%] [32mBuilding CXX object CMakeFiles/my_robot_interface__rosidl_typesupport_cpp.dir/rosidl_typesupport_cpp/my_robot_interface/msg/hardware_status__type_support.cpp.o[0m
[1.956s] [ 25%] Built target my_robot_interface__rosidl_generator_c
[1.976s] [ 29%] [34m[1mGenerating C type support for eProsima Fast-RTPS[0m
[1.977s] [ 35%] [34m[1mGenerating C introspection for ROS interfaces[0m
[1.977s] [ 35%] [34m[1mGenerating C type support dispatch for ROS interfaces[0m
[1.989s] [ 38%] [32mBuilding CXX object CMakeFiles/my_robot_interface__rosidl_typesupport_introspection_cpp.dir/rosidl_typesupport_introspection_cpp/my_robot_interface/msg/detail/hardware_status__type_support.cpp.o[0m
[1.995s] [ 41%] [32mBuilding CXX object CMakeFiles/my_robot_interface__rosidl_typesupport_fastrtps_cpp.dir/rosidl_typesupport_fastrtps_cpp/my_robot_interface/msg/detail/dds_fastrtps/hardware_status__type_support.cpp.o[0m
[2.159s] [ 45%] [32mBuilding CXX object CMakeFiles/my_robot_interface__rosidl_typesupport_fastrtps_c.dir/rosidl_typesupport_fastrtps_c/my_robot_interface/msg/detail/hardware_status__type_support_c.cpp.o[0m
[2.166s] [ 48%] [32mBuilding C object CMakeFiles/my_robot_interface__rosidl_typesupport_introspection_c.dir/rosidl_typesupport_introspection_c/my_robot_interface/msg/detail/hardware_status__type_support.c.o[0m
[2.205s] [ 51%] [32m[1mLinking C shared library libmy_robot_interface__rosidl_typesupport_introspection_c.so[0m
[2.220s] [ 54%] [32mBuilding CXX object CMakeFiles/my_robot_interface__rosidl_typesupport_c.dir/rosidl_typesupport_c/my_robot_interface/msg/hardware_status__type_support.cpp.o[0m
[2.242s] [ 54%] Built target my_robot_interface__rosidl_typesupport_introspection_c
[2.254s] [ 58%] [32m[1mLinking CXX shared library libmy_robot_interface__rosidl_typesupport_c.so[0m
[2.287s] [ 61%] [32m[1mLinking CXX shared library libmy_robot_interface__rosidl_typesupport_cpp.so[0m
[2.293s] [ 61%] Built target my_robot_interface__rosidl_typesupport_c
[2.327s] [ 61%] Built target my_robot_interface__rosidl_typesupport_cpp
[2.437s] [ 64%] [32m[1mLinking CXX shared library libmy_robot_interface__rosidl_typesupport_introspection_cpp.so[0m
[2.486s] [ 67%] [32m[1mLinking CXX shared library libmy_robot_interface__rosidl_typesupport_fastrtps_cpp.so[0m
[2.504s] [ 70%] [32m[1mLinking CXX shared library libmy_robot_interface__rosidl_typesupport_fastrtps_c.so[0m
[2.518s] [ 70%] Built target my_robot_interface__rosidl_typesupport_introspection_cpp
[2.550s] [ 70%] Built target my_robot_interface__rosidl_typesupport_fastrtps_cpp
[2.567s] [ 70%] Built target my_robot_interface__rosidl_typesupport_fastrtps_c
[2.584s] [ 70%] Built target my_robot_interface
[2.604s] [ 74%] [34m[1mGenerating Python code for ROS interfaces[0m
[2.808s] [ 74%] Built target my_robot_interface__py
[2.825s] [ 77%] [32mBuilding C object CMakeFiles/my_robot_interface__rosidl_generator_py.dir/rosidl_generator_py/my_robot_interface/msg/_hardware_status_s.c.o[0m
[2.968s] [ 80%] [32m[1mLinking C shared library rosidl_generator_py/my_robot_interface/libmy_robot_interface__rosidl_generator_py.so[0m
[3.013s] [ 80%] Built target my_robot_interface__rosidl_generator_py
[3.060s] [ 83%] [32mBuilding C object CMakeFiles/my_robot_interface__rosidl_typesupport_introspection_c__pyext.dir/rosidl_generator_py/my_robot_interface/_my_robot_interface_s.ep.rosidl_typesupport_introspection_c.c.o[0m
[3.077s] [ 87%] [32mBuilding C object CMakeFiles/my_robot_interface__rosidl_typesupport_fastrtps_c__pyext.dir/rosidl_generator_py/my_robot_interface/_my_robot_interface_s.ep.rosidl_typesupport_fastrtps_c.c.o[0m
[3.105s] [ 90%] [32mBuilding C object CMakeFiles/my_robot_interface__rosidl_typesupport_c__pyext.dir/rosidl_generator_py/my_robot_interface/_my_robot_interface_s.ep.rosidl_typesupport_c.c.o[0m
[3.171s] [ 93%] [32m[1mLinking C shared library rosidl_generator_py/my_robot_interface/my_robot_interface_s__rosidl_typesupport_introspection_c.cpython-310-x86_64-linux-gnu.so[0m
[3.182s] [ 96%] [32m[1mLinking C shared library rosidl_generator_py/my_robot_interface/my_robot_interface_s__rosidl_typesupport_fastrtps_c.cpython-310-x86_64-linux-gnu.so[0m
[3.184s] [100%] [32m[1mLinking C shared library rosidl_generator_py/my_robot_interface/my_robot_interface_s__rosidl_typesupport_c.cpython-310-x86_64-linux-gnu.so[0m
[3.205s] [100%] Built target my_robot_interface__rosidl_typesupport_introspection_c__pyext
[3.213s] [100%] Built target my_robot_interface__rosidl_typesupport_c__pyext
[3.213s] [100%] Built target my_robot_interface__rosidl_typesupport_fastrtps_c__pyext
[3.222s] Invoked command in '/home/swapnil/ros2_ws/build/my_robot_interface' returned '0': CMAKE_PREFIX_PATH=${CMAKE_PREFIX_PATH}:/home/swapnil/ros2_ws/install/my_py_pkg:/opt/ros/humble /usr/bin/cmake --build /home/swapnil/ros2_ws/build/my_robot_interface -- -j7 -l7
[3.338s] Invoking command in '/home/swapnil/ros2_ws/build/my_robot_interface': CMAKE_PREFIX_PATH=${CMAKE_PREFIX_PATH}:/home/swapnil/ros2_ws/install/my_py_pkg:/opt/ros/humble /usr/bin/cmake --install /home/swapnil/ros2_ws/build/my_robot_interface
[3.348s] -- Install configuration: ""
[3.349s] -- Installing: /home/swapnil/ros2_ws/install/my_robot_interface/share/ament_index/resource_index/rosidl_interfaces/my_robot_interface
[3.349s] -- Installing: /home/swapnil/ros2_ws/install/my_robot_interface/include/my_robot_interface/my_robot_interface
[3.349s] -- Installing: /home/swapnil/ros2_ws/install/my_robot_interface/include/my_robot_interface/my_robot_interface/msg
[3.349s] -- Installing: /home/swapnil/ros2_ws/install/my_robot_interface/include/my_robot_interface/my_robot_interface/msg/rosidl_generator_c__visibility_control.h
[3.349s] -- Installing: /home/swapnil/ros2_ws/install/my_robot_interface/include/my_robot_interface/my_robot_interface/msg/hardware_status.h
[3.349s] -- Installing: /home/swapnil/ros2_ws/install/my_robot_interface/include/my_robot_interface/my_robot_interface/msg/detail
[3.349s] -- Installing: /home/swapnil/ros2_ws/install/my_robot_interface/include/my_robot_interface/my_robot_interface/msg/detail/hardware_status__functions.c
[3.349s] -- Installing: /home/swapnil/ros2_ws/install/my_robot_interface/include/my_robot_interface/my_robot_interface/msg/detail/hardware_status__functions.h
[3.349s] -- Installing: /home/swapnil/ros2_ws/install/my_robot_interface/include/my_robot_interface/my_robot_interface/msg/detail/hardware_status__struct.h
[3.349s] -- Installing: /home/swapnil/ros2_ws/install/my_robot_interface/include/my_robot_interface/my_robot_interface/msg/detail/hardware_status__type_support.h
[3.349s] -- Installing: /home/swapnil/ros2_ws/install/my_robot_interface/share/my_robot_interface/environment/library_path.sh
[3.349s] -- Installing: /home/swapnil/ros2_ws/install/my_robot_interface/share/my_robot_interface/environment/library_path.dsv
[3.349s] -- Installing: /home/swapnil/ros2_ws/install/my_robot_interface/lib/libmy_robot_interface__rosidl_generator_c.so
[3.351s] -- Set runtime path of "/home/swapnil/ros2_ws/install/my_robot_interface/lib/libmy_robot_interface__rosidl_generator_c.so" to ""
[3.351s] -- Up-to-date: /home/swapnil/ros2_ws/install/my_robot_interface/include/my_robot_interface/my_robot_interface
[3.351s] -- Up-to-date: /home/swapnil/ros2_ws/install/my_robot_interface/include/my_robot_interface/my_robot_interface/msg
[3.351s] -- Installing: /home/swapnil/ros2_ws/install/my_robot_interface/include/my_robot_interface/my_robot_interface/msg/rosidl_typesupport_fastrtps_c__visibility_control.h
[3.351s] -- Up-to-date: /home/swapnil/ros2_ws/install/my_robot_interface/include/my_robot_interface/my_robot_interface/msg/detail
[3.351s] -- Installing: /home/swapnil/ros2_ws/install/my_robot_interface/include/my_robot_interface/my_robot_interface/msg/detail/hardware_status__rosidl_typesupport_fastrtps_c.h
[3.351s] -- Installing: /home/swapnil/ros2_ws/install/my_robot_interface/lib/libmy_robot_interface__rosidl_typesupport_fastrtps_c.so
[3.351s] -- Set runtime path of "/home/swapnil/ros2_ws/install/my_robot_interface/lib/libmy_robot_interface__rosidl_typesupport_fastrtps_c.so" to ""
[3.351s] -- Up-to-date: /home/swapnil/ros2_ws/install/my_robot_interface/include/my_robot_interface/my_robot_interface
[3.351s] -- Up-to-date: /home/swapnil/ros2_ws/install/my_robot_interface/include/my_robot_interface/my_robot_interface/msg
[3.351s] -- Installing: /home/swapnil/ros2_ws/install/my_robot_interface/include/my_robot_interface/my_robot_interface/msg/rosidl_typesupport_introspection_c__visibility_control.h
[3.351s] -- Up-to-date: /home/swapnil/ros2_ws/install/my_robot_interface/include/my_robot_interface/my_robot_interface/msg/detail
[3.351s] -- Installing: /home/swapnil/ros2_ws/install/my_robot_interface/include/my_robot_interface/my_robot_interface/msg/detail/hardware_status__type_support.c
[3.351s] -- Installing: /home/swapnil/ros2_ws/install/my_robot_interface/include/my_robot_interface/my_robot_interface/msg/detail/hardware_status__rosidl_typesupport_introspection_c.h
[3.352s] -- Installing: /home/swapnil/ros2_ws/install/my_robot_interface/lib/libmy_robot_interface__rosidl_typesupport_introspection_c.so
[3.352s] -- Set runtime path of "/home/swapnil/ros2_ws/install/my_robot_interface/lib/libmy_robot_interface__rosidl_typesupport_introspection_c.so" to ""
[3.352s] -- Installing: /home/swapnil/ros2_ws/install/my_robot_interface/lib/libmy_robot_interface__rosidl_typesupport_c.so
[3.352s] -- Set runtime path of "/home/swapnil/ros2_ws/install/my_robot_interface/lib/libmy_robot_interface__rosidl_typesupport_c.so" to ""
[3.352s] -- Up-to-date: /home/swapnil/ros2_ws/install/my_robot_interface/include/my_robot_interface/my_robot_interface
[3.352s] -- Up-to-date: /home/swapnil/ros2_ws/install/my_robot_interface/include/my_robot_interface/my_robot_interface/msg
[3.353s] -- Installing: /home/swapnil/ros2_ws/install/my_robot_interface/include/my_robot_interface/my_robot_interface/msg/hardware_status.hpp
[3.353s] -- Up-to-date: /home/swapnil/ros2_ws/install/my_robot_interface/include/my_robot_interface/my_robot_interface/msg/detail
[3.353s] -- Installing: /home/swapnil/ros2_ws/install/my_robot_interface/include/my_robot_interface/my_robot_interface/msg/detail/hardware_status__traits.hpp
[3.353s] -- Installing: /home/swapnil/ros2_ws/install/my_robot_interface/include/my_robot_interface/my_robot_interface/msg/detail/hardware_status__struct.hpp
[3.353s] -- Installing: /home/swapnil/ros2_ws/install/my_robot_interface/include/my_robot_interface/my_robot_interface/msg/detail/hardware_status__builder.hpp
[3.353s] -- Up-to-date: /home/swapnil/ros2_ws/install/my_robot_interface/include/my_robot_interface/my_robot_interface
[3.353s] -- Up-to-date: /home/swapnil/ros2_ws/install/my_robot_interface/include/my_robot_interface/my_robot_interface/msg
[3.353s] -- Up-to-date: /home/swapnil/ros2_ws/install/my_robot_interface/include/my_robot_interface/my_robot_interface/msg/detail
[3.353s] -- Installing: /home/swapnil/ros2_ws/install/my_robot_interface/include/my_robot_interface/my_robot_interface/msg/detail/hardware_status__rosidl_typesupport_fastrtps_cpp.hpp
[3.353s] -- Installing: /home/swapnil/ros2_ws/install/my_robot_interface/include/my_robot_interface/my_robot_interface/msg/detail/dds_fastrtps
[3.353s] -- Installing: /home/swapnil/ros2_ws/install/my_robot_interface/include/my_robot_interface/my_robot_interface/msg/rosidl_typesupport_fastrtps_cpp__visibility_control.h
[3.353s] -- Installing: /home/swapnil/ros2_ws/install/my_robot_interface/lib/libmy_robot_interface__rosidl_typesupport_fastrtps_cpp.so
[3.353s] -- Set runtime path of "/home/swapnil/ros2_ws/install/my_robot_interface/lib/libmy_robot_interface__rosidl_typesupport_fastrtps_cpp.so" to ""
[3.353s] -- Up-to-date: /home/swapnil/ros2_ws/install/my_robot_interface/include/my_robot_interface/my_robot_interface
[3.353s] -- Up-to-date: /home/swapnil/ros2_ws/install/my_robot_interface/include/my_robot_interface/my_robot_interface/msg
[3.353s] -- Up-to-date: /home/swapnil/ros2_ws/install/my_robot_interface/include/my_robot_interface/my_robot_interface/msg/detail
[3.353s] -- Installing: /home/swapnil/ros2_ws/install/my_robot_interface/include/my_robot_interface/my_robot_interface/msg/detail/hardware_status__rosidl_typesupport_introspection_cpp.hpp
[3.353s] -- Installing: /home/swapnil/ros2_ws/install/my_robot_interface/include/my_robot_interface/my_robot_interface/msg/detail/hardware_status__type_support.cpp
[3.353s] -- Installing: /home/swapnil/ros2_ws/install/my_robot_interface/lib/libmy_robot_interface__rosidl_typesupport_introspection_cpp.so
[3.353s] -- Set runtime path of "/home/swapnil/ros2_ws/install/my_robot_interface/lib/libmy_robot_interface__rosidl_typesupport_introspection_cpp.so" to ""
[3.353s] -- Installing: /home/swapnil/ros2_ws/install/my_robot_interface/lib/libmy_robot_interface__rosidl_typesupport_cpp.so
[3.353s] -- Set runtime path of "/home/swapnil/ros2_ws/install/my_robot_interface/lib/libmy_robot_interface__rosidl_typesupport_cpp.so" to ""
[3.353s] -- Installing: /home/swapnil/ros2_ws/install/my_robot_interface/share/my_robot_interface/environment/pythonpath.sh
[3.353s] -- Installing: /home/swapnil/ros2_ws/install/my_robot_interface/share/my_robot_interface/environment/pythonpath.dsv
[3.353s] -- Installing: /home/swapnil/ros2_ws/install/my_robot_interface/local/lib/python3.10/dist-packages/my_robot_interface-0.0.0-py3.10.egg-info
[3.353s] -- Installing: /home/swapnil/ros2_ws/install/my_robot_interface/local/lib/python3.10/dist-packages/my_robot_interface-0.0.0-py3.10.egg-info/dependency_links.txt
[3.353s] -- Installing: /home/swapnil/ros2_ws/install/my_robot_interface/local/lib/python3.10/dist-packages/my_robot_interface-0.0.0-py3.10.egg-info/PKG-INFO
[3.353s] -- Installing: /home/swapnil/ros2_ws/install/my_robot_interface/local/lib/python3.10/dist-packages/my_robot_interface-0.0.0-py3.10.egg-info/top_level.txt
[3.353s] -- Installing: /home/swapnil/ros2_ws/install/my_robot_interface/local/lib/python3.10/dist-packages/my_robot_interface-0.0.0-py3.10.egg-info/SOURCES.txt
[3.353s] -- Installing: /home/swapnil/ros2_ws/install/my_robot_interface/local/lib/python3.10/dist-packages/my_robot_interface
[3.353s] -- Installing: /home/swapnil/ros2_ws/install/my_robot_interface/local/lib/python3.10/dist-packages/my_robot_interface/libmy_robot_interface__rosidl_generator_py.so
[3.353s] -- Installing: /home/swapnil/ros2_ws/install/my_robot_interface/local/lib/python3.10/dist-packages/my_robot_interface/_my_robot_interface_s.ep.rosidl_typesupport_c.c
[3.353s] -- Installing: /home/swapnil/ros2_ws/install/my_robot_interface/local/lib/python3.10/dist-packages/my_robot_interface/my_robot_interface_s__rosidl_typesupport_c.cpython-310-x86_64-linux-gnu.so
[3.353s] -- Installing: /home/swapnil/ros2_ws/install/my_robot_interface/local/lib/python3.10/dist-packages/my_robot_interface/_my_robot_interface_s.ep.rosidl_typesupport_introspection_c.c
[3.354s] -- Installing: /home/swapnil/ros2_ws/install/my_robot_interface/local/lib/python3.10/dist-packages/my_robot_interface/__init__.py
[3.354s] -- Installing: /home/swapnil/ros2_ws/install/my_robot_interface/local/lib/python3.10/dist-packages/my_robot_interface/msg
[3.354s] -- Installing: /home/swapnil/ros2_ws/install/my_robot_interface/local/lib/python3.10/dist-packages/my_robot_interface/msg/_hardware_status_s.c
[3.354s] -- Installing: /home/swapnil/ros2_ws/install/my_robot_interface/local/lib/python3.10/dist-packages/my_robot_interface/msg/__init__.py
[3.354s] -- Installing: /home/swapnil/ros2_ws/install/my_robot_interface/local/lib/python3.10/dist-packages/my_robot_interface/msg/_hardware_status.py
[3.354s] -- Installing: /home/swapnil/ros2_ws/install/my_robot_interface/local/lib/python3.10/dist-packages/my_robot_interface/_my_robot_interface_s.ep.rosidl_typesupport_fastrtps_c.c
[3.354s] -- Installing: /home/swapnil/ros2_ws/install/my_robot_interface/local/lib/python3.10/dist-packages/my_robot_interface/my_robot_interface_s__rosidl_typesupport_introspection_c.cpython-310-x86_64-linux-gnu.so
[3.354s] -- Installing: /home/swapnil/ros2_ws/install/my_robot_interface/local/lib/python3.10/dist-packages/my_robot_interface/my_robot_interface_s__rosidl_typesupport_fastrtps_c.cpython-310-x86_64-linux-gnu.so
[3.376s] Listing '/home/swapnil/ros2_ws/install/my_robot_interface/local/lib/python3.10/dist-packages/my_robot_interface'...
[3.376s] Compiling '/home/swapnil/ros2_ws/install/my_robot_interface/local/lib/python3.10/dist-packages/my_robot_interface/__init__.py'...
[3.376s] Listing '/home/swapnil/ros2_ws/install/my_robot_interface/local/lib/python3.10/dist-packages/my_robot_interface/msg'...
[3.376s] Compiling '/home/swapnil/ros2_ws/install/my_robot_interface/local/lib/python3.10/dist-packages/my_robot_interface/msg/__init__.py'...
[3.376s] Compiling '/home/swapnil/ros2_ws/install/my_robot_interface/local/lib/python3.10/dist-packages/my_robot_interface/msg/_hardware_status.py'...
[3.380s] -- Installing: /home/swapnil/ros2_ws/install/my_robot_interface/local/lib/python3.10/dist-packages/my_robot_interface/my_robot_interface_s__rosidl_typesupport_fastrtps_c.cpython-310-x86_64-linux-gnu.so
[3.380s] -- Set runtime path of "/home/swapnil/ros2_ws/install/my_robot_interface/local/lib/python3.10/dist-packages/my_robot_interface/my_robot_interface_s__rosidl_typesupport_fastrtps_c.cpython-310-x86_64-linux-gnu.so" to ""
[3.380s] -- Installing: /home/swapnil/ros2_ws/install/my_robot_interface/local/lib/python3.10/dist-packages/my_robot_interface/my_robot_interface_s__rosidl_typesupport_introspection_c.cpython-310-x86_64-linux-gnu.so
[3.380s] -- Set runtime path of "/home/swapnil/ros2_ws/install/my_robot_interface/local/lib/python3.10/dist-packages/my_robot_interface/my_robot_interface_s__rosidl_typesupport_introspection_c.cpython-310-x86_64-linux-gnu.so" to ""
[3.380s] -- Installing: /home/swapnil/ros2_ws/install/my_robot_interface/local/lib/python3.10/dist-packages/my_robot_interface/my_robot_interface_s__rosidl_typesupport_c.cpython-310-x86_64-linux-gnu.so
[3.380s] -- Set runtime path of "/home/swapnil/ros2_ws/install/my_robot_interface/local/lib/python3.10/dist-packages/my_robot_interface/my_robot_interface_s__rosidl_typesupport_c.cpython-310-x86_64-linux-gnu.so" to ""
[3.381s] -- Installing: /home/swapnil/ros2_ws/install/my_robot_interface/lib/libmy_robot_interface__rosidl_generator_py.so
[3.381s] -- Set runtime path of "/home/swapnil/ros2_ws/install/my_robot_interface/lib/libmy_robot_interface__rosidl_generator_py.so" to ""
[3.381s] -- Installing: /home/swapnil/ros2_ws/install/my_robot_interface/share/my_robot_interface/msg/HardwareStatus.idl
[3.381s] -- Installing: /home/swapnil/ros2_ws/install/my_robot_interface/share/my_robot_interface/msg/HardwareStatus.msg
[3.382s] -- Installing: /home/swapnil/ros2_ws/install/my_robot_interface/share/ament_index/resource_index/package_run_dependencies/my_robot_interface
[3.382s] -- Installing: /home/swapnil/ros2_ws/install/my_robot_interface/share/ament_index/resource_index/parent_prefix_path/my_robot_interface
[3.382s] -- Installing: /home/swapnil/ros2_ws/install/my_robot_interface/share/my_robot_interface/environment/ament_prefix_path.sh
[3.383s] -- Installing: /home/swapnil/ros2_ws/install/my_robot_interface/share/my_robot_interface/environment/ament_prefix_path.dsv
[3.383s] -- Installing: /home/swapnil/ros2_ws/install/my_robot_interface/share/my_robot_interface/environment/path.sh
[3.383s] -- Installing: /home/swapnil/ros2_ws/install/my_robot_interface/share/my_robot_interface/environment/path.dsv
[3.384s] -- Installing: /home/swapnil/ros2_ws/install/my_robot_interface/share/my_robot_interface/local_setup.bash
[3.384s] -- Installing: /home/swapnil/ros2_ws/install/my_robot_interface/share/my_robot_interface/local_setup.sh
[3.385s] -- Installing: /home/swapnil/ros2_ws/install/my_robot_interface/share/my_robot_interface/local_setup.zsh
[3.385s] -- Installing: /home/swapnil/ros2_ws/install/my_robot_interface/share/my_robot_interface/local_setup.dsv
[3.385s] -- Installing: /home/swapnil/ros2_ws/install/my_robot_interface/share/my_robot_interface/package.dsv
[3.385s] -- Installing: /home/swapnil/ros2_ws/install/my_robot_interface/share/ament_index/resource_index/packages/my_robot_interface
[3.385s] -- Installing: /home/swapnil/ros2_ws/install/my_robot_interface/share/my_robot_interface/cmake/export_my_robot_interface__rosidl_generator_cExport.cmake
[3.385s] -- Installing: /home/swapnil/ros2_ws/install/my_robot_interface/share/my_robot_interface/cmake/export_my_robot_interface__rosidl_generator_cExport-noconfig.cmake
[3.385s] -- Installing: /home/swapnil/ros2_ws/install/my_robot_interface/share/my_robot_interface/cmake/export_my_robot_interface__rosidl_typesupport_fastrtps_cExport.cmake
[3.385s] -- Installing: /home/swapnil/ros2_ws/install/my_robot_interface/share/my_robot_interface/cmake/export_my_robot_interface__rosidl_typesupport_fastrtps_cExport-noconfig.cmake
[3.385s] -- Installing: /home/swapnil/ros2_ws/install/my_robot_interface/share/my_robot_interface/cmake/my_robot_interface__rosidl_typesupport_introspection_cExport.cmake
[3.385s] -- Installing: /home/swapnil/ros2_ws/install/my_robot_interface/share/my_robot_interface/cmake/my_robot_interface__rosidl_typesupport_introspection_cExport-noconfig.cmake
[3.385s] -- Installing: /home/swapnil/ros2_ws/install/my_robot_interface/share/my_robot_interface/cmake/my_robot_interface__rosidl_typesupport_cExport.cmake
[3.385s] -- Installing: /home/swapnil/ros2_ws/install/my_robot_interface/share/my_robot_interface/cmake/my_robot_interface__rosidl_typesupport_cExport-noconfig.cmake
[3.385s] -- Installing: /home/swapnil/ros2_ws/install/my_robot_interface/share/my_robot_interface/cmake/export_my_robot_interface__rosidl_generator_cppExport.cmake
[3.385s] -- Installing: /home/swapnil/ros2_ws/install/my_robot_interface/share/my_robot_interface/cmake/export_my_robot_interface__rosidl_typesupport_fastrtps_cppExport.cmake
[3.385s] -- Installing: /home/swapnil/ros2_ws/install/my_robot_interface/share/my_robot_interface/cmake/export_my_robot_interface__rosidl_typesupport_fastrtps_cppExport-noconfig.cmake
[3.385s] -- Installing: /home/swapnil/ros2_ws/install/my_robot_interface/share/my_robot_interface/cmake/my_robot_interface__rosidl_typesupport_introspection_cppExport.cmake
[3.385s] -- Installing: /home/swapnil/ros2_ws/install/my_robot_interface/share/my_robot_interface/cmake/my_robot_interface__rosidl_typesupport_introspection_cppExport-noconfig.cmake
[3.385s] -- Installing: /home/swapnil/ros2_ws/install/my_robot_interface/share/my_robot_interface/cmake/my_robot_interface__rosidl_typesupport_cppExport.cmake
[3.385s] -- Installing: /home/swapnil/ros2_ws/install/my_robot_interface/share/my_robot_interface/cmake/my_robot_interface__rosidl_typesupport_cppExport-noconfig.cmake
[3.385s] -- Installing: /home/swapnil/ros2_ws/install/my_robot_interface/share/my_robot_interface/cmake/export_my_robot_interface__rosidl_generator_pyExport.cmake
[3.385s] -- Installing: /home/swapnil/ros2_ws/install/my_robot_interface/share/my_robot_interface/cmake/export_my_robot_interface__rosidl_generator_pyExport-noconfig.cmake
[3.385s] -- Installing: /home/swapnil/ros2_ws/install/my_robot_interface/share/my_robot_interface/cmake/rosidl_cmake-extras.cmake
[3.385s] -- Installing: /home/swapnil/ros2_ws/install/my_robot_interface/share/my_robot_interface/cmake/ament_cmake_export_include_directories-extras.cmake
[3.385s] -- Installing: /home/swapnil/ros2_ws/install/my_robot_interface/share/my_robot_interface/cmake/ament_cmake_export_libraries-extras.cmake
[3.386s] -- Installing: /home/swapnil/ros2_ws/install/my_robot_interface/share/my_robot_interface/cmake/ament_cmake_export_targets-extras.cmake
[3.386s] -- Installing: /home/swapnil/ros2_ws/install/my_robot_interface/share/my_robot_interface/cmake/rosidl_cmake_export_typesupport_targets-extras.cmake
[3.386s] -- Installing: /home/swapnil/ros2_ws/install/my_robot_interface/share/my_robot_interface/cmake/ament_cmake_export_dependencies-extras.cmake
[3.386s] -- Installing: /home/swapnil/ros2_ws/install/my_robot_interface/share/my_robot_interface/cmake/rosidl_cmake_export_typesupport_libraries-extras.cmake
[3.386s] -- Installing: /home/swapnil/ros2_ws/install/my_robot_interface/share/my_robot_interface/cmake/my_robot_interfaceConfig.cmake
[3.386s] -- Installing: /home/swapnil/ros2_ws/install/my_robot_interface/share/my_robot_interface/cmake/my_robot_interfaceConfig-version.cmake
[3.386s] -- Installing: /home/swapnil/ros2_ws/install/my_robot_interface/share/my_robot_interface/package.xml
[3.390s] Invoked command in '/home/swapnil/ros2_ws/build/my_robot_interface' returned '0': CMAKE_PREFIX_PATH=${CMAKE_PREFIX_PATH}:/home/swapnil/ros2_ws/install/my_py_pkg:/opt/ros/humble /usr/bin/cmake --install /home/swapnil/ros2_ws/build/my_robot_interface
