[0.048s] Invoking command in '/home/swapnil/ros2_ws/build/my_cpp_pkg': CMAKE_PREFIX_PATH=${CMAKE_PREFIX_PATH}:/home/swapnil/ros2_ws/install/my_py_pkg:/opt/ros/humble /usr/bin/cmake --build /home/swapnil/ros2_ws/build/my_cpp_pkg -- -j7 -l7
[0.090s] [35m[1mConsolidate compiler generated dependencies of target add_two_ints_server[0m
[0.101s] [ 25%] Built target robot_news_station
[0.102s] [ 50%] Built target smartphone
[0.104s] [ 75%] Built target cpp_node
[0.123s] [ 87%] [32mBuilding CXX object CMakeFiles/add_two_ints_server.dir/src/add_two_ints_server.cpp.o[0m
[1.545s] [01m[K/home/swapnil/ros2_ws/src/my_cpp_pkg/src/add_two_ints_server.cpp:3:28:[m[K [01;31m[Kerror: [m[Kexpected ‘[01m[K;[m[K’ before ‘[01m[Kusing[m[K’
[1.545s]     3 | using std::placeholders::_1
[1.545s]       |                            [01;31m[K^[m[K
[1.545s]       |                            [32m[K;[m[K
[1.545s]     4 | [32m[Kusing[m[K std::placeholders::_2
[1.545s]       | [32m[K~~~~~[m[K                       
[1.545s] [01m[K/home/swapnil/ros2_ws/src/my_cpp_pkg/src/add_two_ints_server.cpp:4:28:[m[K [01;31m[Kerror: [m[Kexpected ‘[01m[K;[m[K’ before ‘[01m[Kclass[m[K’
[1.545s]     4 | using std::placeholders::_2
[1.545s]       |                            [01;31m[K^[m[K
[1.545s]       |                            [32m[K;[m[K
[1.545s]     5 | [32m[Kclass[m[K AddTwoIntsServerNode : public rclcpp::Node
[1.545s]       | [32m[K~~~~~[m[K                       
[1.557s] [01m[K/home/swapnil/ros2_ws/src/my_cpp_pkg/src/add_two_ints_server.cpp:[m[K In constructor ‘[01m[KAddTwoIntsServerNode::AddTwoIntsServerNode()[m[K’:
[1.558s] [01m[K/home/swapnil/ros2_ws/src/my_cpp_pkg/src/add_two_ints_server.cpp:11:13:[m[K [01;31m[Kerror: [m[K‘[01m[Kstf[m[K’ has not been declared
[1.558s]    11 |             [01;31m[Kstf[m[K::bind(&AddTwoIntsServerNode::callbackAddTwoInts, this, _1,_2)
[1.558s]       |             [01;31m[K^~~[m[K
[1.857s] gmake[2]: *** [CMakeFiles/add_two_ints_server.dir/build.make:76: CMakeFiles/add_two_ints_server.dir/src/add_two_ints_server.cpp.o] Error 1
[1.857s] gmake[1]: *** [CMakeFiles/Makefile2:221: CMakeFiles/add_two_ints_server.dir/all] Error 2
[1.857s] gmake: *** [Makefile:146: all] Error 2
[1.859s] Invoked command in '/home/swapnil/ros2_ws/build/my_cpp_pkg' returned '2': CMAKE_PREFIX_PATH=${CMAKE_PREFIX_PATH}:/home/swapnil/ros2_ws/install/my_py_pkg:/opt/ros/humble /usr/bin/cmake --build /home/swapnil/ros2_ws/build/my_cpp_pkg -- -j7 -l7
