running develop
Removing /home/swapnil/ros2_ws/install/my_py_pkg/lib/python3.10/site-packages/my-py-pkg.egg-link (link to .)
running egg_info
writing ../../build/my_py_pkg/my_py_pkg.egg-info/PKG-INFO
writing dependency_links to ../../build/my_py_pkg/my_py_pkg.egg-info/dependency_links.txt
writing entry points to ../../build/my_py_pkg/my_py_pkg.egg-info/entry_points.txt
writing requirements to ../../build/my_py_pkg/my_py_pkg.egg-info/requires.txt
writing top-level names to ../../build/my_py_pkg/my_py_pkg.egg-info/top_level.txt
reading manifest file '../../build/my_py_pkg/my_py_pkg.egg-info/SOURCES.txt'
writing manifest file '../../build/my_py_pkg/my_py_pkg.egg-info/SOURCES.txt'
running build
running build_py
copying my_py_pkg/smartphone.py -> /home/swapnil/ros2_ws/build/my_py_pkg/build/lib/my_py_pkg
copying my_py_pkg/number_publisher_node.py -> /home/swapnil/ros2_ws/build/my_py_pkg/build/lib/my_py_pkg
copying my_py_pkg/robot_news_station.py -> /home/swapnil/ros2_ws/build/my_py_pkg/build/lib/my_py_pkg
copying my_py_pkg/python_template.py -> /home/swapnil/ros2_ws/build/my_py_pkg/build/lib/my_py_pkg
running install
running install_lib
creating /home/swapnil/ros2_ws/install/my_py_pkg/lib/python3.10/site-packages/my_py_pkg
copying /home/swapnil/ros2_ws/build/my_py_pkg/build/lib/my_py_pkg/smartphone.py -> /home/swapnil/ros2_ws/install/my_py_pkg/lib/python3.10/site-packages/my_py_pkg
copying /home/swapnil/ros2_ws/build/my_py_pkg/build/lib/my_py_pkg/number_publisher_node.py -> /home/swapnil/ros2_ws/install/my_py_pkg/lib/python3.10/site-packages/my_py_pkg
copying /home/swapnil/ros2_ws/build/my_py_pkg/build/lib/my_py_pkg/__init__.py -> /home/swapnil/ros2_ws/install/my_py_pkg/lib/python3.10/site-packages/my_py_pkg
copying /home/swapnil/ros2_ws/build/my_py_pkg/build/lib/my_py_pkg/my_first_node.py -> /home/swapnil/ros2_ws/install/my_py_pkg/lib/python3.10/site-packages/my_py_pkg
copying /home/swapnil/ros2_ws/build/my_py_pkg/build/lib/my_py_pkg/robot_news_station.py -> /home/swapnil/ros2_ws/install/my_py_pkg/lib/python3.10/site-packages/my_py_pkg
copying /home/swapnil/ros2_ws/build/my_py_pkg/build/lib/my_py_pkg/python_template.py -> /home/swapnil/ros2_ws/install/my_py_pkg/lib/python3.10/site-packages/my_py_pkg
byte-compiling /home/swapnil/ros2_ws/install/my_py_pkg/lib/python3.10/site-packages/my_py_pkg/smartphone.py to smartphone.cpython-310.pyc
byte-compiling /home/swapnil/ros2_ws/install/my_py_pkg/lib/python3.10/site-packages/my_py_pkg/number_publisher_node.py to number_publisher_node.cpython-310.pyc
byte-compiling /home/swapnil/ros2_ws/install/my_py_pkg/lib/python3.10/site-packages/my_py_pkg/__init__.py to __init__.cpython-310.pyc
byte-compiling /home/swapnil/ros2_ws/install/my_py_pkg/lib/python3.10/site-packages/my_py_pkg/my_first_node.py to my_first_node.cpython-310.pyc
byte-compiling /home/swapnil/ros2_ws/install/my_py_pkg/lib/python3.10/site-packages/my_py_pkg/robot_news_station.py to robot_news_station.cpython-310.pyc
byte-compiling /home/swapnil/ros2_ws/install/my_py_pkg/lib/python3.10/site-packages/my_py_pkg/python_template.py to python_template.cpython-310.pyc
running install_data
copying package.xml -> /home/swapnil/ros2_ws/install/my_py_pkg/share/my_py_pkg
running install_egg_info
Copying ../../build/my_py_pkg/my_py_pkg.egg-info to /home/swapnil/ros2_ws/install/my_py_pkg/lib/python3.10/site-packages/my_py_pkg-0.0.0-py3.10.egg-info
running install_scripts
Installing py_node script to /home/swapnil/ros2_ws/install/my_py_pkg/lib/my_py_pkg
Installing robot_news_station script to /home/swapnil/ros2_ws/install/my_py_pkg/lib/my_py_pkg
Installing smartphone = my_py_pkg.smartphone:mainnumber_publisher script to /home/swapnil/ros2_ws/install/my_py_pkg/lib/my_py_pkg
writing list of installed files to '/home/swapnil/ros2_ws/build/my_py_pkg/install.log'
