[0.506s] Invoking command in '/home/swapnil/ros2_ws/build/my_py_pkg': PYTHONPATH=/home/swapnil/ros2_ws/build/my_py_pkg/prefix_override:/home/swapnil/ros2_ws/install/my_py_pkg/lib/python3.10/site-packages:${PYTHONPATH} /usr/bin/python3 setup.py develop --uninstall --editable --build-directory /home/swapnil/ros2_ws/build/my_py_pkg/build
[0.654s] running develop
[0.726s] Removing /home/swapnil/ros2_ws/install/my_py_pkg/lib/python3.10/site-packages/my-py-pkg.egg-link (link to .)
[0.752s] Invoked command in '/home/swapnil/ros2_ws/build/my_py_pkg' returned '0': PYTHONPATH=/home/swapnil/ros2_ws/build/my_py_pkg/prefix_override:/home/swapnil/ros2_ws/install/my_py_pkg/lib/python3.10/site-packages:${PYTHONPATH} /usr/bin/python3 setup.py develop --uninstall --editable --build-directory /home/swapnil/ros2_ws/build/my_py_pkg/build
[0.754s] Invoking command in '/home/swapnil/ros2_ws/src/my_py_pkg': PYTHONPATH=/home/swapnil/ros2_ws/build/my_py_pkg/prefix_override:/home/swapnil/ros2_ws/install/my_py_pkg/lib/python3.10/site-packages:${PYTHONPATH} /usr/bin/python3 setup.py egg_info --egg-base ../../build/my_py_pkg build --build-base /home/swapnil/ros2_ws/build/my_py_pkg/build install --record /home/swapnil/ros2_ws/build/my_py_pkg/install.log --single-version-externally-managed
[0.884s] running egg_info
[0.884s] writing ../../build/my_py_pkg/my_py_pkg.egg-info/PKG-INFO
[0.884s] writing dependency_links to ../../build/my_py_pkg/my_py_pkg.egg-info/dependency_links.txt
[0.884s] writing entry points to ../../build/my_py_pkg/my_py_pkg.egg-info/entry_points.txt
[0.885s] writing requirements to ../../build/my_py_pkg/my_py_pkg.egg-info/requires.txt
[0.885s] writing top-level names to ../../build/my_py_pkg/my_py_pkg.egg-info/top_level.txt
[0.886s] reading manifest file '../../build/my_py_pkg/my_py_pkg.egg-info/SOURCES.txt'
[0.887s] writing manifest file '../../build/my_py_pkg/my_py_pkg.egg-info/SOURCES.txt'
[0.887s] running build
[0.888s] running build_py
[0.888s] copying my_py_pkg/smartphone.py -> /home/swapnil/ros2_ws/build/my_py_pkg/build/lib/my_py_pkg
[0.888s] copying my_py_pkg/number_publisher_node.py -> /home/swapnil/ros2_ws/build/my_py_pkg/build/lib/my_py_pkg
[0.888s] copying my_py_pkg/robot_news_station.py -> /home/swapnil/ros2_ws/build/my_py_pkg/build/lib/my_py_pkg
[0.889s] copying my_py_pkg/python_template.py -> /home/swapnil/ros2_ws/build/my_py_pkg/build/lib/my_py_pkg
[0.889s] running install
[0.889s] running install_lib
[0.889s] creating /home/swapnil/ros2_ws/install/my_py_pkg/lib/python3.10/site-packages/my_py_pkg
[0.889s] copying /home/swapnil/ros2_ws/build/my_py_pkg/build/lib/my_py_pkg/smartphone.py -> /home/swapnil/ros2_ws/install/my_py_pkg/lib/python3.10/site-packages/my_py_pkg
[0.889s] copying /home/swapnil/ros2_ws/build/my_py_pkg/build/lib/my_py_pkg/number_publisher_node.py -> /home/swapnil/ros2_ws/install/my_py_pkg/lib/python3.10/site-packages/my_py_pkg
[0.889s] copying /home/swapnil/ros2_ws/build/my_py_pkg/build/lib/my_py_pkg/__init__.py -> /home/swapnil/ros2_ws/install/my_py_pkg/lib/python3.10/site-packages/my_py_pkg
[0.889s] copying /home/swapnil/ros2_ws/build/my_py_pkg/build/lib/my_py_pkg/my_first_node.py -> /home/swapnil/ros2_ws/install/my_py_pkg/lib/python3.10/site-packages/my_py_pkg
[0.892s] copying /home/swapnil/ros2_ws/build/my_py_pkg/build/lib/my_py_pkg/robot_news_station.py -> /home/swapnil/ros2_ws/install/my_py_pkg/lib/python3.10/site-packages/my_py_pkg
[0.892s] copying /home/swapnil/ros2_ws/build/my_py_pkg/build/lib/my_py_pkg/python_template.py -> /home/swapnil/ros2_ws/install/my_py_pkg/lib/python3.10/site-packages/my_py_pkg
[0.892s] byte-compiling /home/swapnil/ros2_ws/install/my_py_pkg/lib/python3.10/site-packages/my_py_pkg/smartphone.py to smartphone.cpython-310.pyc
[0.894s] byte-compiling /home/swapnil/ros2_ws/install/my_py_pkg/lib/python3.10/site-packages/my_py_pkg/number_publisher_node.py to number_publisher_node.cpython-310.pyc
[0.894s] byte-compiling /home/swapnil/ros2_ws/install/my_py_pkg/lib/python3.10/site-packages/my_py_pkg/__init__.py to __init__.cpython-310.pyc
[0.894s] byte-compiling /home/swapnil/ros2_ws/install/my_py_pkg/lib/python3.10/site-packages/my_py_pkg/my_first_node.py to my_first_node.cpython-310.pyc
[0.894s] byte-compiling /home/swapnil/ros2_ws/install/my_py_pkg/lib/python3.10/site-packages/my_py_pkg/robot_news_station.py to robot_news_station.cpython-310.pyc
[0.894s] byte-compiling /home/swapnil/ros2_ws/install/my_py_pkg/lib/python3.10/site-packages/my_py_pkg/python_template.py to python_template.cpython-310.pyc
[0.894s] running install_data
[0.894s] copying package.xml -> /home/swapnil/ros2_ws/install/my_py_pkg/share/my_py_pkg
[0.894s] running install_egg_info
[0.895s] Copying ../../build/my_py_pkg/my_py_pkg.egg-info to /home/swapnil/ros2_ws/install/my_py_pkg/lib/python3.10/site-packages/my_py_pkg-0.0.0-py3.10.egg-info
[0.896s] running install_scripts
[0.908s] Installing py_node script to /home/swapnil/ros2_ws/install/my_py_pkg/lib/my_py_pkg
[0.908s] Installing robot_news_station script to /home/swapnil/ros2_ws/install/my_py_pkg/lib/my_py_pkg
[0.908s] Installing smartphone = my_py_pkg.smartphone:mainnumber_publisher script to /home/swapnil/ros2_ws/install/my_py_pkg/lib/my_py_pkg
[0.909s] writing list of installed files to '/home/swapnil/ros2_ws/build/my_py_pkg/install.log'
[0.924s] Invoked command in '/home/swapnil/ros2_ws/src/my_py_pkg' returned '0': PYTHONPATH=/home/swapnil/ros2_ws/build/my_py_pkg/prefix_override:/home/swapnil/ros2_ws/install/my_py_pkg/lib/python3.10/site-packages:${PYTHONPATH} /usr/bin/python3 setup.py egg_info --egg-base ../../build/my_py_pkg build --build-base /home/swapnil/ros2_ws/build/my_py_pkg/build install --record /home/swapnil/ros2_ws/build/my_py_pkg/install.log --single-version-externally-managed
