[0.061s] Invoking command in '/home/swapnil/ros2_ws/build/my_cpp_pkg': CMAKE_PREFIX_PATH=${CMAKE_PREFIX_PATH}:/home/swapnil/ros2_ws/install/my_py_pkg:/opt/ros/humble /usr/bin/cmake --build /home/swapnil/ros2_ws/build/my_cpp_pkg -- -j7 -l7
[0.104s] [35m[1mConsolidate compiler generated dependencies of target add_two_ints_server[0m
[0.125s] [ 25%] Built target cpp_node
[0.141s] [ 50%] Built target smartphone
[0.148s] [ 75%] Built target robot_news_station
[0.151s] [ 87%] [32mBuilding CXX object CMakeFiles/add_two_ints_server.dir/src/add_two_ints_server.cpp.o[0m
[2.446s] [100%] [32m[1mLinking CXX executable add_two_ints_server[0m
[2.602s] [100%] Built target add_two_ints_server
[2.612s] Invoked command in '/home/swapnil/ros2_ws/build/my_cpp_pkg' returned '0': CMAKE_PREFIX_PATH=${CMAKE_PREFIX_PATH}:/home/swapnil/ros2_ws/install/my_py_pkg:/opt/ros/humble /usr/bin/cmake --build /home/swapnil/ros2_ws/build/my_cpp_pkg -- -j7 -l7
[2.679s] Invoking command in '/home/swapnil/ros2_ws/build/my_cpp_pkg': CMAKE_PREFIX_PATH=${CMAKE_PREFIX_PATH}:/home/swapnil/ros2_ws/install/my_py_pkg:/opt/ros/humble /usr/bin/cmake --install /home/swapnil/ros2_ws/build/my_cpp_pkg
[2.687s] -- Install configuration: ""
[2.690s] -- Up-to-date: /home/swapnil/ros2_ws/install/my_cpp_pkg/lib/my_cpp_pkg/cpp_node
[2.690s] -- Up-to-date: /home/swapnil/ros2_ws/install/my_cpp_pkg/lib/my_cpp_pkg/robot_news_station
[2.691s] -- Up-to-date: /home/swapnil/ros2_ws/install/my_cpp_pkg/lib/my_cpp_pkg/smartphone
[2.691s] -- Installing: /home/swapnil/ros2_ws/install/my_cpp_pkg/lib/my_cpp_pkg/add_two_ints_server
[2.692s] -- Set runtime path of "/home/swapnil/ros2_ws/install/my_cpp_pkg/lib/my_cpp_pkg/add_two_ints_server" to ""
[2.692s] -- Up-to-date: /home/swapnil/ros2_ws/install/my_cpp_pkg/share/ament_index/resource_index/package_run_dependencies/my_cpp_pkg
[2.692s] -- Up-to-date: /home/swapnil/ros2_ws/install/my_cpp_pkg/share/ament_index/resource_index/parent_prefix_path/my_cpp_pkg
[2.692s] -- Up-to-date: /home/swapnil/ros2_ws/install/my_cpp_pkg/share/my_cpp_pkg/environment/ament_prefix_path.sh
[2.692s] -- Installing: /home/swapnil/ros2_ws/install/my_cpp_pkg/share/my_cpp_pkg/environment/ament_prefix_path.dsv
[2.692s] -- Up-to-date: /home/swapnil/ros2_ws/install/my_cpp_pkg/share/my_cpp_pkg/environment/path.sh
[2.692s] -- Installing: /home/swapnil/ros2_ws/install/my_cpp_pkg/share/my_cpp_pkg/environment/path.dsv
[2.693s] -- Up-to-date: /home/swapnil/ros2_ws/install/my_cpp_pkg/share/my_cpp_pkg/local_setup.bash
[2.693s] -- Up-to-date: /home/swapnil/ros2_ws/install/my_cpp_pkg/share/my_cpp_pkg/local_setup.sh
[2.693s] -- Up-to-date: /home/swapnil/ros2_ws/install/my_cpp_pkg/share/my_cpp_pkg/local_setup.zsh
[2.693s] -- Installing: /home/swapnil/ros2_ws/install/my_cpp_pkg/share/my_cpp_pkg/local_setup.dsv
[2.693s] -- Installing: /home/swapnil/ros2_ws/install/my_cpp_pkg/share/my_cpp_pkg/package.dsv
[2.693s] -- Up-to-date: /home/swapnil/ros2_ws/install/my_cpp_pkg/share/ament_index/resource_index/packages/my_cpp_pkg
[2.693s] -- Up-to-date: /home/swapnil/ros2_ws/install/my_cpp_pkg/share/my_cpp_pkg/cmake/my_cpp_pkgConfig.cmake
[2.693s] -- Up-to-date: /home/swapnil/ros2_ws/install/my_cpp_pkg/share/my_cpp_pkg/cmake/my_cpp_pkgConfig-version.cmake
[2.693s] -- Up-to-date: /home/swapnil/ros2_ws/install/my_cpp_pkg/share/my_cpp_pkg/package.xml
[2.701s] Invoked command in '/home/swapnil/ros2_ws/build/my_cpp_pkg' returned '0': CMAKE_PREFIX_PATH=${CMAKE_PREFIX_PATH}:/home/swapnil/ros2_ws/install/my_py_pkg:/opt/ros/humble /usr/bin/cmake --install /home/swapnil/ros2_ws/build/my_cpp_pkg
