[0.416s] Invoking command in '/home/swapnil/ros2_ws/build/my_py_pkg': PYTHONPATH=/home/swapnil/ros2_ws/build/my_py_pkg/prefix_override:/home/swapnil/ros2_ws/install/my_py_pkg/lib/python3.10/site-packages:${PYTHONPATH} /usr/bin/python3 setup.py develop --uninstall --editable --build-directory /home/swapnil/ros2_ws/build/my_py_pkg/build
[0.558s] running develop
[0.626s] Removing /home/swapnil/ros2_ws/install/my_py_pkg/lib/python3.10/site-packages/my-py-pkg.egg-link (link to .)
[0.652s] Invoked command in '/home/swapnil/ros2_ws/build/my_py_pkg' returned '0': PYTHONPATH=/home/swapnil/ros2_ws/build/my_py_pkg/prefix_override:/home/swapnil/ros2_ws/install/my_py_pkg/lib/python3.10/site-packages:${PYTHONPATH} /usr/bin/python3 setup.py develop --uninstall --editable --build-directory /home/swapnil/ros2_ws/build/my_py_pkg/build
[0.653s] Invoking command in '/home/swapnil/ros2_ws/src/my_py_pkg': PYTHONPATH=/home/swapnil/ros2_ws/build/my_py_pkg/prefix_override:/home/swapnil/ros2_ws/install/my_py_pkg/lib/python3.10/site-packages:${PYTHONPATH} /usr/bin/python3 setup.py egg_info --egg-base ../../build/my_py_pkg build --build-base /home/swapnil/ros2_ws/build/my_py_pkg/build install --record /home/swapnil/ros2_ws/build/my_py_pkg/install.log --single-version-externally-managed
[0.794s] running egg_info
[0.795s] writing ../../build/my_py_pkg/my_py_pkg.egg-info/PKG-INFO
[0.795s] writing dependency_links to ../../build/my_py_pkg/my_py_pkg.egg-info/dependency_links.txt
[0.795s] writing entry points to ../../build/my_py_pkg/my_py_pkg.egg-info/entry_points.txt
[0.795s] writing requirements to ../../build/my_py_pkg/my_py_pkg.egg-info/requires.txt
[0.796s] writing top-level names to ../../build/my_py_pkg/my_py_pkg.egg-info/top_level.txt
[0.796s] reading manifest file '../../build/my_py_pkg/my_py_pkg.egg-info/SOURCES.txt'
[0.796s] writing manifest file '../../build/my_py_pkg/my_py_pkg.egg-info/SOURCES.txt'
[0.796s] running build
[0.797s] running build_py
[0.798s] copying my_py_pkg/add_two_ints_server.py -> /home/swapnil/ros2_ws/build/my_py_pkg/build/lib/my_py_pkg
[0.800s] copying my_py_pkg/add_two_ints_no_oop.py -> /home/swapnil/ros2_ws/build/my_py_pkg/build/lib/my_py_pkg
[0.800s] copying my_py_pkg/add_two_ints.py -> /home/swapnil/ros2_ws/build/my_py_pkg/build/lib/my_py_pkg
[0.802s] running install
[0.803s] running install_lib
[0.803s] creating /home/swapnil/ros2_ws/install/my_py_pkg/lib/python3.10/site-packages/my_py_pkg
[0.803s] copying /home/swapnil/ros2_ws/build/my_py_pkg/build/lib/my_py_pkg/smartphone.py -> /home/swapnil/ros2_ws/install/my_py_pkg/lib/python3.10/site-packages/my_py_pkg
[0.803s] copying /home/swapnil/ros2_ws/build/my_py_pkg/build/lib/my_py_pkg/number_counter.py -> /home/swapnil/ros2_ws/install/my_py_pkg/lib/python3.10/site-packages/my_py_pkg
[0.803s] copying /home/swapnil/ros2_ws/build/my_py_pkg/build/lib/my_py_pkg/add_two_ints_server.py -> /home/swapnil/ros2_ws/install/my_py_pkg/lib/python3.10/site-packages/my_py_pkg
[0.803s] copying /home/swapnil/ros2_ws/build/my_py_pkg/build/lib/my_py_pkg/number_publisher_node.py -> /home/swapnil/ros2_ws/install/my_py_pkg/lib/python3.10/site-packages/my_py_pkg
[0.803s] copying /home/swapnil/ros2_ws/build/my_py_pkg/build/lib/my_py_pkg/add_two_ints_no_oop.py -> /home/swapnil/ros2_ws/install/my_py_pkg/lib/python3.10/site-packages/my_py_pkg
[0.803s] copying /home/swapnil/ros2_ws/build/my_py_pkg/build/lib/my_py_pkg/add_two_ints.py -> /home/swapnil/ros2_ws/install/my_py_pkg/lib/python3.10/site-packages/my_py_pkg
[0.803s] copying /home/swapnil/ros2_ws/build/my_py_pkg/build/lib/my_py_pkg/__init__.py -> /home/swapnil/ros2_ws/install/my_py_pkg/lib/python3.10/site-packages/my_py_pkg
[0.803s] copying /home/swapnil/ros2_ws/build/my_py_pkg/build/lib/my_py_pkg/my_first_node.py -> /home/swapnil/ros2_ws/install/my_py_pkg/lib/python3.10/site-packages/my_py_pkg
[0.803s] copying /home/swapnil/ros2_ws/build/my_py_pkg/build/lib/my_py_pkg/robot_news_station.py -> /home/swapnil/ros2_ws/install/my_py_pkg/lib/python3.10/site-packages/my_py_pkg
[0.803s] copying /home/swapnil/ros2_ws/build/my_py_pkg/build/lib/my_py_pkg/python_template.py -> /home/swapnil/ros2_ws/install/my_py_pkg/lib/python3.10/site-packages/my_py_pkg
[0.805s] byte-compiling /home/swapnil/ros2_ws/install/my_py_pkg/lib/python3.10/site-packages/my_py_pkg/smartphone.py to smartphone.cpython-310.pyc
[0.805s] byte-compiling /home/swapnil/ros2_ws/install/my_py_pkg/lib/python3.10/site-packages/my_py_pkg/number_counter.py to number_counter.cpython-310.pyc
[0.805s] byte-compiling /home/swapnil/ros2_ws/install/my_py_pkg/lib/python3.10/site-packages/my_py_pkg/add_two_ints_server.py to add_two_ints_server.cpython-310.pyc
[0.805s] byte-compiling /home/swapnil/ros2_ws/install/my_py_pkg/lib/python3.10/site-packages/my_py_pkg/number_publisher_node.py to number_publisher_node.cpython-310.pyc
[0.805s] byte-compiling /home/swapnil/ros2_ws/install/my_py_pkg/lib/python3.10/site-packages/my_py_pkg/add_two_ints_no_oop.py to add_two_ints_no_oop.cpython-310.pyc
[0.806s] byte-compiling /home/swapnil/ros2_ws/install/my_py_pkg/lib/python3.10/site-packages/my_py_pkg/add_two_ints.py to add_two_ints.cpython-310.pyc
[0.806s] byte-compiling /home/swapnil/ros2_ws/install/my_py_pkg/lib/python3.10/site-packages/my_py_pkg/__init__.py to __init__.cpython-310.pyc
[0.806s] byte-compiling /home/swapnil/ros2_ws/install/my_py_pkg/lib/python3.10/site-packages/my_py_pkg/my_first_node.py to my_first_node.cpython-310.pyc
[0.806s] byte-compiling /home/swapnil/ros2_ws/install/my_py_pkg/lib/python3.10/site-packages/my_py_pkg/robot_news_station.py to robot_news_station.cpython-310.pyc
[0.806s] byte-compiling /home/swapnil/ros2_ws/install/my_py_pkg/lib/python3.10/site-packages/my_py_pkg/python_template.py to python_template.cpython-310.pyc
[0.806s] running install_data
[0.806s] running install_egg_info
[0.806s] Copying ../../build/my_py_pkg/my_py_pkg.egg-info to /home/swapnil/ros2_ws/install/my_py_pkg/lib/python3.10/site-packages/my_py_pkg-0.0.0-py3.10.egg-info
[0.806s] running install_scripts
[0.816s] Installing add_two_ints_server script to /home/swapnil/ros2_ws/install/my_py_pkg/lib/my_py_pkg
[0.816s] Installing number_counter script to /home/swapnil/ros2_ws/install/my_py_pkg/lib/my_py_pkg
[0.816s] Installing number_publisher script to /home/swapnil/ros2_ws/install/my_py_pkg/lib/my_py_pkg
[0.817s] Installing py_node script to /home/swapnil/ros2_ws/install/my_py_pkg/lib/my_py_pkg
[0.817s] Installing robot_news_station script to /home/swapnil/ros2_ws/install/my_py_pkg/lib/my_py_pkg
[0.817s] Installing smartphone script to /home/swapnil/ros2_ws/install/my_py_pkg/lib/my_py_pkg
[0.818s] writing list of installed files to '/home/swapnil/ros2_ws/build/my_py_pkg/install.log'
[0.832s] Invoked command in '/home/swapnil/ros2_ws/src/my_py_pkg' returned '0': PYTHONPATH=/home/swapnil/ros2_ws/build/my_py_pkg/prefix_override:/home/swapnil/ros2_ws/install/my_py_pkg/lib/python3.10/site-packages:${PYTHONPATH} /usr/bin/python3 setup.py egg_info --egg-base ../../build/my_py_pkg build --build-base /home/swapnil/ros2_ws/build/my_py_pkg/build install --record /home/swapnil/ros2_ws/build/my_py_pkg/install.log --single-version-externally-managed
