[0.478s] Invoking command in '/home/swapnil/ros2_ws/src/my_py_pkg': PYTHONPATH=/home/swapnil/ros2_ws/build/my_py_pkg/prefix_override:/home/swapnil/ros2_ws/install/my_py_pkg/lib/python3.10/site-packages:${PYTHONPATH} /usr/bin/python3 setup.py egg_info --egg-base ../../build/my_py_pkg build --build-base /home/swapnil/ros2_ws/build/my_py_pkg/build install --record /home/swapnil/ros2_ws/build/my_py_pkg/install.log --single-version-externally-managed
[0.650s] running egg_info
[0.651s] writing ../../build/my_py_pkg/my_py_pkg.egg-info/PKG-INFO
[0.651s] writing dependency_links to ../../build/my_py_pkg/my_py_pkg.egg-info/dependency_links.txt
[0.651s] writing entry points to ../../build/my_py_pkg/my_py_pkg.egg-info/entry_points.txt
[0.651s] writing requirements to ../../build/my_py_pkg/my_py_pkg.egg-info/requires.txt
[0.652s] writing top-level names to ../../build/my_py_pkg/my_py_pkg.egg-info/top_level.txt
[0.653s] reading manifest file '../../build/my_py_pkg/my_py_pkg.egg-info/SOURCES.txt'
[0.654s] writing manifest file '../../build/my_py_pkg/my_py_pkg.egg-info/SOURCES.txt'
[0.654s] running build
[0.654s] running build_py
[0.654s] running install
[0.655s] running install_lib
[0.656s] running install_data
[0.656s] running install_egg_info
[0.657s] removing '/home/swapnil/ros2_ws/install/my_py_pkg/lib/python3.10/site-packages/my_py_pkg-0.0.0-py3.10.egg-info' (and everything under it)
[0.657s] Copying ../../build/my_py_pkg/my_py_pkg.egg-info to /home/swapnil/ros2_ws/install/my_py_pkg/lib/python3.10/site-packages/my_py_pkg-0.0.0-py3.10.egg-info
[0.657s] running install_scripts
[0.669s] Installing number_publisher script to /home/swapnil/ros2_ws/install/my_py_pkg/lib/my_py_pkg
[0.669s] Installing py_node script to /home/swapnil/ros2_ws/install/my_py_pkg/lib/my_py_pkg
[0.669s] Installing robot_news_station script to /home/swapnil/ros2_ws/install/my_py_pkg/lib/my_py_pkg
[0.671s] Installing smartphone script to /home/swapnil/ros2_ws/install/my_py_pkg/lib/my_py_pkg
[0.671s] writing list of installed files to '/home/swapnil/ros2_ws/build/my_py_pkg/install.log'
[0.686s] Invoked command in '/home/swapnil/ros2_ws/src/my_py_pkg' returned '0': PYTHONPATH=/home/swapnil/ros2_ws/build/my_py_pkg/prefix_override:/home/swapnil/ros2_ws/install/my_py_pkg/lib/python3.10/site-packages:${PYTHONPATH} /usr/bin/python3 setup.py egg_info --egg-base ../../build/my_py_pkg build --build-base /home/swapnil/ros2_ws/build/my_py_pkg/build install --record /home/swapnil/ros2_ws/build/my_py_pkg/install.log --single-version-externally-managed
