[35m[1mConsolidate compiler generated dependencies of target add_two_ints_server[0m
[ 37%] Built target cpp_node
[ 50%] Built target smartphone
[ 62%] [32mBuilding CXX object CMakeFiles/add_two_ints_server.dir/src/add_two_ints_server.cpp.o[0m
[ 87%] Built target robot_news_station
[01m[K/home/swapnil/ros2_ws/src/my_cpp_pkg/src/add_two_ints_server.cpp:3:28:[m[K [01;31m[Kerror: [m[Kexpected ‘[01m[K;[m[K’ before ‘[01m[Kusing[m[K’
    3 | using std::placeholders::_1
      |                            [01;31m[K^[m[K
      |                            [32m[K;[m[K
    4 | [32m[Kusing[m[K std::placeholders::_2
      | [32m[K~~~~~[m[K                       
[01m[K/home/swapnil/ros2_ws/src/my_cpp_pkg/src/add_two_ints_server.cpp:4:28:[m[K [01;31m[Kerror: [m[Kexpected ‘[01m[K;[m[K’ before ‘[01m[Kclass[m[K’
    4 | using std::placeholders::_2
      |                            [01;31m[K^[m[K
      |                            [32m[K;[m[K
    5 | [32m[Kclass[m[K AddTwoIntsServerNode : public rclcpp::Node
      | [32m[K~~~~~[m[K                       
gmake[2]: *** [CMakeFiles/add_two_ints_server.dir/build.make:76: CMakeFiles/add_two_ints_server.dir/src/add_two_ints_server.cpp.o] Error 1
gmake[1]: *** [CMakeFiles/Makefile2:221: CMakeFiles/add_two_ints_server.dir/all] Error 2
gmake: *** [Makefile:146: all] Error 2
