[0.101s] Invoking command in '/home/swapnil/ros2_ws/build/my_cpp_pkg': CMAKE_PREFIX_PATH=${CMAKE_PREFIX_PATH}:/home/swapnil/ros2_ws/install/my_py_pkg:/opt/ros/humble /usr/bin/cmake --build /home/swapnil/ros2_ws/build/my_cpp_pkg -- -j7 -l7
[0.145s] [ 50%] Built target robot_news_station
[0.145s] [ 66%] Built target cpp_node
[0.146s] [100%] Built target smartphone
[0.277s] Invoked command in '/home/swapnil/ros2_ws/build/my_cpp_pkg' returned '0': CMAKE_PREFIX_PATH=${CMAKE_PREFIX_PATH}:/home/swapnil/ros2_ws/install/my_py_pkg:/opt/ros/humble /usr/bin/cmake --build /home/swapnil/ros2_ws/build/my_cpp_pkg -- -j7 -l7
[0.333s] Invoking command in '/home/swapnil/ros2_ws/build/my_cpp_pkg': CMAKE_PREFIX_PATH=${CMAKE_PREFIX_PATH}:/home/swapnil/ros2_ws/install/my_py_pkg:/opt/ros/humble /usr/bin/cmake --install /home/swapnil/ros2_ws/build/my_cpp_pkg
[0.340s] -- Install configuration: ""
[0.341s] -- Up-to-date: /home/swapnil/ros2_ws/install/my_cpp_pkg/lib/my_cpp_pkg/cpp_node
[0.341s] -- Up-to-date: /home/swapnil/ros2_ws/install/my_cpp_pkg/lib/my_cpp_pkg/robot_news_station
[0.341s] -- Up-to-date: /home/swapnil/ros2_ws/install/my_cpp_pkg/lib/my_cpp_pkg/smartphone
[0.342s] -- Up-to-date: /home/swapnil/ros2_ws/install/my_cpp_pkg/share/ament_index/resource_index/package_run_dependencies/my_cpp_pkg
[0.342s] -- Up-to-date: /home/swapnil/ros2_ws/install/my_cpp_pkg/share/ament_index/resource_index/parent_prefix_path/my_cpp_pkg
[0.342s] -- Up-to-date: /home/swapnil/ros2_ws/install/my_cpp_pkg/share/my_cpp_pkg/environment/ament_prefix_path.sh
[0.342s] -- Up-to-date: /home/swapnil/ros2_ws/install/my_cpp_pkg/share/my_cpp_pkg/environment/ament_prefix_path.dsv
[0.342s] -- Up-to-date: /home/swapnil/ros2_ws/install/my_cpp_pkg/share/my_cpp_pkg/environment/path.sh
[0.342s] -- Up-to-date: /home/swapnil/ros2_ws/install/my_cpp_pkg/share/my_cpp_pkg/environment/path.dsv
[0.342s] -- Up-to-date: /home/swapnil/ros2_ws/install/my_cpp_pkg/share/my_cpp_pkg/local_setup.bash
[0.342s] -- Up-to-date: /home/swapnil/ros2_ws/install/my_cpp_pkg/share/my_cpp_pkg/local_setup.sh
[0.342s] -- Up-to-date: /home/swapnil/ros2_ws/install/my_cpp_pkg/share/my_cpp_pkg/local_setup.zsh
[0.342s] -- Up-to-date: /home/swapnil/ros2_ws/install/my_cpp_pkg/share/my_cpp_pkg/local_setup.dsv
[0.342s] -- Installing: /home/swapnil/ros2_ws/install/my_cpp_pkg/share/my_cpp_pkg/package.dsv
[0.342s] -- Up-to-date: /home/swapnil/ros2_ws/install/my_cpp_pkg/share/ament_index/resource_index/packages/my_cpp_pkg
[0.342s] -- Up-to-date: /home/swapnil/ros2_ws/install/my_cpp_pkg/share/my_cpp_pkg/cmake/my_cpp_pkgConfig.cmake
[0.342s] -- Up-to-date: /home/swapnil/ros2_ws/install/my_cpp_pkg/share/my_cpp_pkg/cmake/my_cpp_pkgConfig-version.cmake
[0.343s] -- Up-to-date: /home/swapnil/ros2_ws/install/my_cpp_pkg/share/my_cpp_pkg/package.xml
[0.352s] Invoked command in '/home/swapnil/ros2_ws/build/my_cpp_pkg' returned '0': CMAKE_PREFIX_PATH=${CMAKE_PREFIX_PATH}:/home/swapnil/ros2_ws/install/my_py_pkg:/opt/ros/humble /usr/bin/cmake --install /home/swapnil/ros2_ws/build/my_cpp_pkg
