[0.080s] Invoking command in '/home/swapnil/ros2_ws/build/my_robot_interface': CMAKE_PREFIX_PATH=${CMAKE_PREFIX_PATH}:/home/swapnil/ros2_ws/install/my_py_pkg:/opt/ros/humble /usr/bin/cmake --build /home/swapnil/ros2_ws/build/my_robot_interface -- -j7 -l7
[0.111s] [35m[1mConsolidate compiler generated dependencies of target my_robot_interface__rosidl_generator_c[0m
[0.170s] [  9%] Built target my_robot_interface__rosidl_generator_c
[0.170s] [  9%] Built target ament_cmake_python_copy_my_robot_interface
[0.187s] [ 12%] Built target my_robot_interface__cpp
[0.210s] [35m[1mConsolidate compiler generated dependencies of target my_robot_interface__rosidl_typesupport_introspection_c[0m
[0.211s] [35m[1mConsolidate compiler generated dependencies of target my_robot_interface__rosidl_typesupport_c[0m
[0.211s] [35m[1mConsolidate compiler generated dependencies of target my_robot_interface__rosidl_typesupport_fastrtps_c[0m
[0.211s] [35m[1mConsolidate compiler generated dependencies of target my_robot_interface__rosidl_typesupport_introspection_cpp[0m
[0.213s] [35m[1mConsolidate compiler generated dependencies of target my_robot_interface__rosidl_typesupport_fastrtps_cpp[0m
[0.213s] [35m[1mConsolidate compiler generated dependencies of target my_robot_interface__rosidl_typesupport_cpp[0m
[0.228s] [ 22%] Built target my_robot_interface__rosidl_typesupport_fastrtps_c
[0.235s] [ 38%] Built target my_robot_interface__rosidl_typesupport_introspection_c
[0.236s] [ 45%] Built target my_robot_interface__rosidl_typesupport_c
[0.236s] [ 51%] Built target my_robot_interface__rosidl_typesupport_cpp
[0.237s] [ 61%] Built target my_robot_interface__rosidl_typesupport_fastrtps_cpp
[0.241s] [ 70%] Built target my_robot_interface__rosidl_typesupport_introspection_cpp
[0.259s] [ 70%] Built target my_robot_interface
[0.277s] [ 74%] Built target my_robot_interface__py
[0.286s] [35m[1mConsolidate compiler generated dependencies of target my_robot_interface__rosidl_generator_py[0m
[0.297s] [ 80%] Built target my_robot_interface__rosidl_generator_py
[0.311s] [35m[1mConsolidate compiler generated dependencies of target my_robot_interface__rosidl_typesupport_fastrtps_c__pyext[0m
[0.311s] [35m[1mConsolidate compiler generated dependencies of target my_robot_interface__rosidl_typesupport_introspection_c__pyext[0m
[0.318s] [35m[1mConsolidate compiler generated dependencies of target my_robot_interface__rosidl_typesupport_c__pyext[0m
[0.337s] [ 87%] Built target my_robot_interface__rosidl_typesupport_fastrtps_c__pyext
[0.340s] [ 93%] Built target my_robot_interface__rosidl_typesupport_introspection_c__pyext
[0.344s] [100%] Built target my_robot_interface__rosidl_typesupport_c__pyext
[0.363s] running egg_info
[0.364s] writing my_robot_interface.egg-info/PKG-INFO
[0.364s] writing dependency_links to my_robot_interface.egg-info/dependency_links.txt
[0.364s] writing top-level names to my_robot_interface.egg-info/top_level.txt
[0.365s] reading manifest file 'my_robot_interface.egg-info/SOURCES.txt'
[0.366s] writing manifest file 'my_robot_interface.egg-info/SOURCES.txt'
[0.382s] [100%] Built target ament_cmake_python_build_my_robot_interface_egg
[0.396s] Invoked command in '/home/swapnil/ros2_ws/build/my_robot_interface' returned '0': CMAKE_PREFIX_PATH=${CMAKE_PREFIX_PATH}:/home/swapnil/ros2_ws/install/my_py_pkg:/opt/ros/humble /usr/bin/cmake --build /home/swapnil/ros2_ws/build/my_robot_interface -- -j7 -l7
[0.535s] Invoking command in '/home/swapnil/ros2_ws/build/my_robot_interface': CMAKE_PREFIX_PATH=${CMAKE_PREFIX_PATH}:/home/swapnil/ros2_ws/install/my_py_pkg:/opt/ros/humble /usr/bin/cmake --install /home/swapnil/ros2_ws/build/my_robot_interface
[0.549s] -- Install configuration: ""
[0.557s] -- Up-to-date: /home/swapnil/ros2_ws/install/my_robot_interface/share/ament_index/resource_index/rosidl_interfaces/my_robot_interface
[0.558s] -- Up-to-date: /home/swapnil/ros2_ws/install/my_robot_interface/include/my_robot_interface/my_robot_interface
[0.558s] -- Up-to-date: /home/swapnil/ros2_ws/install/my_robot_interface/include/my_robot_interface/my_robot_interface/msg
[0.559s] -- Up-to-date: /home/swapnil/ros2_ws/install/my_robot_interface/include/my_robot_interface/my_robot_interface/msg/rosidl_generator_c__visibility_control.h
[0.559s] -- Up-to-date: /home/swapnil/ros2_ws/install/my_robot_interface/include/my_robot_interface/my_robot_interface/msg/hardware_status.h
[0.560s] -- Up-to-date: /home/swapnil/ros2_ws/install/my_robot_interface/include/my_robot_interface/my_robot_interface/msg/detail
[0.561s] -- Up-to-date: /home/swapnil/ros2_ws/install/my_robot_interface/include/my_robot_interface/my_robot_interface/msg/detail/hardware_status__functions.c
[0.561s] -- Up-to-date: /home/swapnil/ros2_ws/install/my_robot_interface/include/my_robot_interface/my_robot_interface/msg/detail/hardware_status__functions.h
[0.561s] -- Up-to-date: /home/swapnil/ros2_ws/install/my_robot_interface/include/my_robot_interface/my_robot_interface/msg/detail/hardware_status__struct.h
[0.561s] -- Up-to-date: /home/swapnil/ros2_ws/install/my_robot_interface/include/my_robot_interface/my_robot_interface/msg/detail/hardware_status__type_support.h
[0.562s] -- Up-to-date: /home/swapnil/ros2_ws/install/my_robot_interface/share/my_robot_interface/environment/library_path.sh
[0.562s] -- Up-to-date: /home/swapnil/ros2_ws/install/my_robot_interface/share/my_robot_interface/environment/library_path.dsv
[0.562s] -- Up-to-date: /home/swapnil/ros2_ws/install/my_robot_interface/lib/libmy_robot_interface__rosidl_generator_c.so
[0.562s] -- Up-to-date: /home/swapnil/ros2_ws/install/my_robot_interface/include/my_robot_interface/my_robot_interface
[0.563s] -- Up-to-date: /home/swapnil/ros2_ws/install/my_robot_interface/include/my_robot_interface/my_robot_interface/msg
[0.563s] -- Up-to-date: /home/swapnil/ros2_ws/install/my_robot_interface/include/my_robot_interface/my_robot_interface/msg/rosidl_typesupport_fastrtps_c__visibility_control.h
[0.563s] -- Up-to-date: /home/swapnil/ros2_ws/install/my_robot_interface/include/my_robot_interface/my_robot_interface/msg/detail
[0.563s] -- Up-to-date: /home/swapnil/ros2_ws/install/my_robot_interface/include/my_robot_interface/my_robot_interface/msg/detail/hardware_status__rosidl_typesupport_fastrtps_c.h
[0.563s] -- Up-to-date: /home/swapnil/ros2_ws/install/my_robot_interface/lib/libmy_robot_interface__rosidl_typesupport_fastrtps_c.so
[0.564s] -- Up-to-date: /home/swapnil/ros2_ws/install/my_robot_interface/include/my_robot_interface/my_robot_interface
[0.564s] -- Up-to-date: /home/swapnil/ros2_ws/install/my_robot_interface/include/my_robot_interface/my_robot_interface/msg
[0.564s] -- Up-to-date: /home/swapnil/ros2_ws/install/my_robot_interface/include/my_robot_interface/my_robot_interface/msg/rosidl_typesupport_introspection_c__visibility_control.h
[0.564s] -- Up-to-date: /home/swapnil/ros2_ws/install/my_robot_interface/include/my_robot_interface/my_robot_interface/msg/detail
[0.564s] -- Up-to-date: /home/swapnil/ros2_ws/install/my_robot_interface/include/my_robot_interface/my_robot_interface/msg/detail/hardware_status__type_support.c
[0.565s] -- Up-to-date: /home/swapnil/ros2_ws/install/my_robot_interface/include/my_robot_interface/my_robot_interface/msg/detail/hardware_status__rosidl_typesupport_introspection_c.h
[0.565s] -- Up-to-date: /home/swapnil/ros2_ws/install/my_robot_interface/lib/libmy_robot_interface__rosidl_typesupport_introspection_c.so
[0.565s] -- Up-to-date: /home/swapnil/ros2_ws/install/my_robot_interface/lib/libmy_robot_interface__rosidl_typesupport_c.so
[0.565s] -- Up-to-date: /home/swapnil/ros2_ws/install/my_robot_interface/include/my_robot_interface/my_robot_interface
[0.566s] -- Up-to-date: /home/swapnil/ros2_ws/install/my_robot_interface/include/my_robot_interface/my_robot_interface/msg
[0.566s] -- Up-to-date: /home/swapnil/ros2_ws/install/my_robot_interface/include/my_robot_interface/my_robot_interface/msg/hardware_status.hpp
[0.566s] -- Up-to-date: /home/swapnil/ros2_ws/install/my_robot_interface/include/my_robot_interface/my_robot_interface/msg/detail
[0.566s] -- Up-to-date: /home/swapnil/ros2_ws/install/my_robot_interface/include/my_robot_interface/my_robot_interface/msg/detail/hardware_status__traits.hpp
[0.566s] -- Up-to-date: /home/swapnil/ros2_ws/install/my_robot_interface/include/my_robot_interface/my_robot_interface/msg/detail/hardware_status__struct.hpp
[0.567s] -- Up-to-date: /home/swapnil/ros2_ws/install/my_robot_interface/include/my_robot_interface/my_robot_interface/msg/detail/hardware_status__builder.hpp
[0.567s] -- Up-to-date: /home/swapnil/ros2_ws/install/my_robot_interface/include/my_robot_interface/my_robot_interface
[0.567s] -- Up-to-date: /home/swapnil/ros2_ws/install/my_robot_interface/include/my_robot_interface/my_robot_interface/msg
[0.567s] -- Up-to-date: /home/swapnil/ros2_ws/install/my_robot_interface/include/my_robot_interface/my_robot_interface/msg/detail
[0.567s] -- Up-to-date: /home/swapnil/ros2_ws/install/my_robot_interface/include/my_robot_interface/my_robot_interface/msg/detail/hardware_status__rosidl_typesupport_fastrtps_cpp.hpp
[0.568s] -- Up-to-date: /home/swapnil/ros2_ws/install/my_robot_interface/include/my_robot_interface/my_robot_interface/msg/detail/dds_fastrtps
[0.568s] -- Up-to-date: /home/swapnil/ros2_ws/install/my_robot_interface/include/my_robot_interface/my_robot_interface/msg/rosidl_typesupport_fastrtps_cpp__visibility_control.h
[0.568s] -- Up-to-date: /home/swapnil/ros2_ws/install/my_robot_interface/lib/libmy_robot_interface__rosidl_typesupport_fastrtps_cpp.so
[0.568s] -- Up-to-date: /home/swapnil/ros2_ws/install/my_robot_interface/include/my_robot_interface/my_robot_interface
[0.569s] -- Up-to-date: /home/swapnil/ros2_ws/install/my_robot_interface/include/my_robot_interface/my_robot_interface/msg
[0.569s] -- Up-to-date: /home/swapnil/ros2_ws/install/my_robot_interface/include/my_robot_interface/my_robot_interface/msg/detail
[0.569s] -- Up-to-date: /home/swapnil/ros2_ws/install/my_robot_interface/include/my_robot_interface/my_robot_interface/msg/detail/hardware_status__rosidl_typesupport_introspection_cpp.hpp
[0.569s] -- Up-to-date: /home/swapnil/ros2_ws/install/my_robot_interface/include/my_robot_interface/my_robot_interface/msg/detail/hardware_status__type_support.cpp
[0.569s] -- Up-to-date: /home/swapnil/ros2_ws/install/my_robot_interface/lib/libmy_robot_interface__rosidl_typesupport_introspection_cpp.so
[0.570s] -- Up-to-date: /home/swapnil/ros2_ws/install/my_robot_interface/lib/libmy_robot_interface__rosidl_typesupport_cpp.so
[0.570s] -- Up-to-date: /home/swapnil/ros2_ws/install/my_robot_interface/share/my_robot_interface/environment/pythonpath.sh
[0.570s] -- Up-to-date: /home/swapnil/ros2_ws/install/my_robot_interface/share/my_robot_interface/environment/pythonpath.dsv
[0.570s] -- Up-to-date: /home/swapnil/ros2_ws/install/my_robot_interface/local/lib/python3.10/dist-packages/my_robot_interface-0.0.0-py3.10.egg-info
[0.570s] -- Installing: /home/swapnil/ros2_ws/install/my_robot_interface/local/lib/python3.10/dist-packages/my_robot_interface-0.0.0-py3.10.egg-info/dependency_links.txt
[0.571s] -- Installing: /home/swapnil/ros2_ws/install/my_robot_interface/local/lib/python3.10/dist-packages/my_robot_interface-0.0.0-py3.10.egg-info/PKG-INFO
[0.571s] -- Installing: /home/swapnil/ros2_ws/install/my_robot_interface/local/lib/python3.10/dist-packages/my_robot_interface-0.0.0-py3.10.egg-info/top_level.txt
[0.571s] -- Installing: /home/swapnil/ros2_ws/install/my_robot_interface/local/lib/python3.10/dist-packages/my_robot_interface-0.0.0-py3.10.egg-info/SOURCES.txt
[0.571s] -- Up-to-date: /home/swapnil/ros2_ws/install/my_robot_interface/local/lib/python3.10/dist-packages/my_robot_interface
[0.571s] -- Up-to-date: /home/swapnil/ros2_ws/install/my_robot_interface/local/lib/python3.10/dist-packages/my_robot_interface/libmy_robot_interface__rosidl_generator_py.so
[0.572s] -- Up-to-date: /home/swapnil/ros2_ws/install/my_robot_interface/local/lib/python3.10/dist-packages/my_robot_interface/_my_robot_interface_s.ep.rosidl_typesupport_c.c
[0.572s] -- Up-to-date: /home/swapnil/ros2_ws/install/my_robot_interface/local/lib/python3.10/dist-packages/my_robot_interface/my_robot_interface_s__rosidl_typesupport_c.cpython-310-x86_64-linux-gnu.so
[0.572s] -- Up-to-date: /home/swapnil/ros2_ws/install/my_robot_interface/local/lib/python3.10/dist-packages/my_robot_interface/_my_robot_interface_s.ep.rosidl_typesupport_introspection_c.c
[0.572s] -- Up-to-date: /home/swapnil/ros2_ws/install/my_robot_interface/local/lib/python3.10/dist-packages/my_robot_interface/__init__.py
[0.573s] -- Up-to-date: /home/swapnil/ros2_ws/install/my_robot_interface/local/lib/python3.10/dist-packages/my_robot_interface/msg
[0.573s] -- Up-to-date: /home/swapnil/ros2_ws/install/my_robot_interface/local/lib/python3.10/dist-packages/my_robot_interface/msg/_hardware_status_s.c
[0.573s] -- Up-to-date: /home/swapnil/ros2_ws/install/my_robot_interface/local/lib/python3.10/dist-packages/my_robot_interface/msg/__init__.py
[0.573s] -- Up-to-date: /home/swapnil/ros2_ws/install/my_robot_interface/local/lib/python3.10/dist-packages/my_robot_interface/msg/_hardware_status.py
[0.573s] -- Up-to-date: /home/swapnil/ros2_ws/install/my_robot_interface/local/lib/python3.10/dist-packages/my_robot_interface/_my_robot_interface_s.ep.rosidl_typesupport_fastrtps_c.c
[0.574s] -- Up-to-date: /home/swapnil/ros2_ws/install/my_robot_interface/local/lib/python3.10/dist-packages/my_robot_interface/my_robot_interface_s__rosidl_typesupport_introspection_c.cpython-310-x86_64-linux-gnu.so
[0.574s] -- Up-to-date: /home/swapnil/ros2_ws/install/my_robot_interface/local/lib/python3.10/dist-packages/my_robot_interface/my_robot_interface_s__rosidl_typesupport_fastrtps_c.cpython-310-x86_64-linux-gnu.so
[0.582s] Listing '/home/swapnil/ros2_ws/install/my_robot_interface/local/lib/python3.10/dist-packages/my_robot_interface'...
[0.582s] Listing '/home/swapnil/ros2_ws/install/my_robot_interface/local/lib/python3.10/dist-packages/my_robot_interface/msg'...
[0.589s] -- Up-to-date: /home/swapnil/ros2_ws/install/my_robot_interface/local/lib/python3.10/dist-packages/my_robot_interface/my_robot_interface_s__rosidl_typesupport_fastrtps_c.cpython-310-x86_64-linux-gnu.so
[0.593s] -- Up-to-date: /home/swapnil/ros2_ws/install/my_robot_interface/local/lib/python3.10/dist-packages/my_robot_interface/my_robot_interface_s__rosidl_typesupport_introspection_c.cpython-310-x86_64-linux-gnu.so
[0.593s] -- Up-to-date: /home/swapnil/ros2_ws/install/my_robot_interface/local/lib/python3.10/dist-packages/my_robot_interface/my_robot_interface_s__rosidl_typesupport_c.cpython-310-x86_64-linux-gnu.so
[0.593s] -- Up-to-date: /home/swapnil/ros2_ws/install/my_robot_interface/lib/libmy_robot_interface__rosidl_generator_py.so
[0.594s] -- Up-to-date: /home/swapnil/ros2_ws/install/my_robot_interface/share/my_robot_interface/msg/HardwareStatus.idl
[0.594s] -- Up-to-date: /home/swapnil/ros2_ws/install/my_robot_interface/share/my_robot_interface/msg/HardwareStatus.msg
[0.594s] -- Up-to-date: /home/swapnil/ros2_ws/install/my_robot_interface/share/ament_index/resource_index/package_run_dependencies/my_robot_interface
[0.594s] -- Up-to-date: /home/swapnil/ros2_ws/install/my_robot_interface/share/ament_index/resource_index/parent_prefix_path/my_robot_interface
[0.594s] -- Up-to-date: /home/swapnil/ros2_ws/install/my_robot_interface/share/my_robot_interface/environment/ament_prefix_path.sh
[0.594s] -- Up-to-date: /home/swapnil/ros2_ws/install/my_robot_interface/share/my_robot_interface/environment/ament_prefix_path.dsv
[0.594s] -- Up-to-date: /home/swapnil/ros2_ws/install/my_robot_interface/share/my_robot_interface/environment/path.sh
[0.594s] -- Up-to-date: /home/swapnil/ros2_ws/install/my_robot_interface/share/my_robot_interface/environment/path.dsv
[0.594s] -- Up-to-date: /home/swapnil/ros2_ws/install/my_robot_interface/share/my_robot_interface/local_setup.bash
[0.594s] -- Up-to-date: /home/swapnil/ros2_ws/install/my_robot_interface/share/my_robot_interface/local_setup.sh
[0.594s] -- Up-to-date: /home/swapnil/ros2_ws/install/my_robot_interface/share/my_robot_interface/local_setup.zsh
[0.594s] -- Up-to-date: /home/swapnil/ros2_ws/install/my_robot_interface/share/my_robot_interface/local_setup.dsv
[0.594s] -- Installing: /home/swapnil/ros2_ws/install/my_robot_interface/share/my_robot_interface/package.dsv
[0.594s] -- Up-to-date: /home/swapnil/ros2_ws/install/my_robot_interface/share/ament_index/resource_index/packages/my_robot_interface
[0.594s] -- Up-to-date: /home/swapnil/ros2_ws/install/my_robot_interface/share/my_robot_interface/cmake/export_my_robot_interface__rosidl_generator_cExport.cmake
[0.594s] -- Up-to-date: /home/swapnil/ros2_ws/install/my_robot_interface/share/my_robot_interface/cmake/export_my_robot_interface__rosidl_generator_cExport-noconfig.cmake
[0.594s] -- Up-to-date: /home/swapnil/ros2_ws/install/my_robot_interface/share/my_robot_interface/cmake/export_my_robot_interface__rosidl_typesupport_fastrtps_cExport.cmake
[0.595s] -- Up-to-date: /home/swapnil/ros2_ws/install/my_robot_interface/share/my_robot_interface/cmake/export_my_robot_interface__rosidl_typesupport_fastrtps_cExport-noconfig.cmake
[0.595s] -- Up-to-date: /home/swapnil/ros2_ws/install/my_robot_interface/share/my_robot_interface/cmake/my_robot_interface__rosidl_typesupport_introspection_cExport.cmake
[0.595s] -- Up-to-date: /home/swapnil/ros2_ws/install/my_robot_interface/share/my_robot_interface/cmake/my_robot_interface__rosidl_typesupport_introspection_cExport-noconfig.cmake
[0.595s] -- Up-to-date: /home/swapnil/ros2_ws/install/my_robot_interface/share/my_robot_interface/cmake/my_robot_interface__rosidl_typesupport_cExport.cmake
[0.595s] -- Up-to-date: /home/swapnil/ros2_ws/install/my_robot_interface/share/my_robot_interface/cmake/my_robot_interface__rosidl_typesupport_cExport-noconfig.cmake
[0.595s] -- Up-to-date: /home/swapnil/ros2_ws/install/my_robot_interface/share/my_robot_interface/cmake/export_my_robot_interface__rosidl_generator_cppExport.cmake
[0.595s] -- Up-to-date: /home/swapnil/ros2_ws/install/my_robot_interface/share/my_robot_interface/cmake/export_my_robot_interface__rosidl_typesupport_fastrtps_cppExport.cmake
[0.595s] -- Up-to-date: /home/swapnil/ros2_ws/install/my_robot_interface/share/my_robot_interface/cmake/export_my_robot_interface__rosidl_typesupport_fastrtps_cppExport-noconfig.cmake
[0.595s] -- Up-to-date: /home/swapnil/ros2_ws/install/my_robot_interface/share/my_robot_interface/cmake/my_robot_interface__rosidl_typesupport_introspection_cppExport.cmake
[0.595s] -- Up-to-date: /home/swapnil/ros2_ws/install/my_robot_interface/share/my_robot_interface/cmake/my_robot_interface__rosidl_typesupport_introspection_cppExport-noconfig.cmake
[0.595s] -- Up-to-date: /home/swapnil/ros2_ws/install/my_robot_interface/share/my_robot_interface/cmake/my_robot_interface__rosidl_typesupport_cppExport.cmake
[0.595s] -- Up-to-date: /home/swapnil/ros2_ws/install/my_robot_interface/share/my_robot_interface/cmake/my_robot_interface__rosidl_typesupport_cppExport-noconfig.cmake
[0.595s] -- Up-to-date: /home/swapnil/ros2_ws/install/my_robot_interface/share/my_robot_interface/cmake/export_my_robot_interface__rosidl_generator_pyExport.cmake
[0.596s] -- Up-to-date: /home/swapnil/ros2_ws/install/my_robot_interface/share/my_robot_interface/cmake/export_my_robot_interface__rosidl_generator_pyExport-noconfig.cmake
[0.596s] -- Up-to-date: /home/swapnil/ros2_ws/install/my_robot_interface/share/my_robot_interface/cmake/rosidl_cmake-extras.cmake
[0.596s] -- Up-to-date: /home/swapnil/ros2_ws/install/my_robot_interface/share/my_robot_interface/cmake/ament_cmake_export_include_directories-extras.cmake
[0.596s] -- Up-to-date: /home/swapnil/ros2_ws/install/my_robot_interface/share/my_robot_interface/cmake/ament_cmake_export_libraries-extras.cmake
[0.596s] -- Up-to-date: /home/swapnil/ros2_ws/install/my_robot_interface/share/my_robot_interface/cmake/ament_cmake_export_targets-extras.cmake
[0.596s] -- Up-to-date: /home/swapnil/ros2_ws/install/my_robot_interface/share/my_robot_interface/cmake/rosidl_cmake_export_typesupport_targets-extras.cmake
[0.596s] -- Up-to-date: /home/swapnil/ros2_ws/install/my_robot_interface/share/my_robot_interface/cmake/ament_cmake_export_dependencies-extras.cmake
[0.596s] -- Up-to-date: /home/swapnil/ros2_ws/install/my_robot_interface/share/my_robot_interface/cmake/rosidl_cmake_export_typesupport_libraries-extras.cmake
[0.596s] -- Up-to-date: /home/swapnil/ros2_ws/install/my_robot_interface/share/my_robot_interface/cmake/my_robot_interfaceConfig.cmake
[0.596s] -- Up-to-date: /home/swapnil/ros2_ws/install/my_robot_interface/share/my_robot_interface/cmake/my_robot_interfaceConfig-version.cmake
[0.596s] -- Up-to-date: /home/swapnil/ros2_ws/install/my_robot_interface/share/my_robot_interface/package.xml
[0.598s] Invoked command in '/home/swapnil/ros2_ws/build/my_robot_interface' returned '0': CMAKE_PREFIX_PATH=${CMAKE_PREFIX_PATH}:/home/swapnil/ros2_ws/install/my_py_pkg:/opt/ros/humble /usr/bin/cmake --install /home/swapnil/ros2_ws/build/my_robot_interface
