[0.138s] Invoking command in '/home/swapnil/ros2_ws/build/my_cpp_pkg': CMAKE_PREFIX_PATH=/home/swapnil/ros2_ws/install/my_py_pkg:/opt/ros/humble /usr/bin/cmake /home/swapnil/ros2_ws/src/my_cpp_pkg -DCMAKE_INSTALL_PREFIX=/home/swapnil/ros2_ws/install/my_cpp_pkg
[0.414s] -- The C compiler identification is GNU 11.4.0
[0.529s] -- The CXX compiler identification is GNU 11.4.0
[0.546s] -- Detecting C compiler ABI info
[0.697s] -- Detecting C compiler ABI info - done
[0.702s] -- Check for working C compiler: /usr/bin/cc - skipped
[0.703s] -- Detecting C compile features
[0.704s] -- Detecting C compile features - done
[0.709s] -- Detecting CXX compiler ABI info
[0.784s] -- Detecting CXX compiler ABI info - done
[0.789s] -- Check for working CXX compiler: /usr/bin/c++ - skipped
[0.789s] -- Detecting CXX compile features
[0.789s] -- Detecting CXX compile features - done
[0.791s] -- Found ament_cmake: 1.3.6 (/opt/ros/humble/share/ament_cmake/cmake)
[1.013s] -- Found Python3: /usr/bin/python3.10 (found version "3.10.12") found components: Interpreter 
[1.079s] -- Found rclcpp: 16.0.7 (/opt/ros/humble/share/rclcpp/cmake)
[1.104s] -- Found rosidl_generator_c: 3.1.5 (/opt/ros/humble/share/rosidl_generator_c/cmake)
[1.107s] -- Found rosidl_adapter: 3.1.5 (/opt/ros/humble/share/rosidl_adapter/cmake)
[1.111s] -- Found rosidl_generator_cpp: 3.1.5 (/opt/ros/humble/share/rosidl_generator_cpp/cmake)
[1.119s] -- Using all available rosidl_typesupport_c: rosidl_typesupport_fastrtps_c;rosidl_typesupport_introspection_c
[1.131s] -- Using all available rosidl_typesupport_cpp: rosidl_typesupport_fastrtps_cpp;rosidl_typesupport_introspection_cpp
[1.177s] -- Found rmw_implementation_cmake: 6.1.1 (/opt/ros/humble/share/rmw_implementation_cmake/cmake)
[1.178s] -- Found rmw_fastrtps_cpp: 6.2.5 (/opt/ros/humble/share/rmw_fastrtps_cpp/cmake)
[1.265s] -- Found OpenSSL: /usr/lib/x86_64-linux-gnu/libcrypto.so (found version "3.0.2")  
[1.290s] -- Found FastRTPS: /opt/ros/humble/include  
[1.321s] -- Using RMW implementation 'rmw_fastrtps_cpp' as default
[1.332s] -- Looking for pthread.h
[1.420s] -- Looking for pthread.h - found
[1.420s] -- Performing Test CMAKE_HAVE_LIBC_PTHREAD
[1.495s] -- Performing Test CMAKE_HAVE_LIBC_PTHREAD - Success
[1.497s] -- Found Threads: TRUE  
[1.607s] -- Found ament_lint_auto: 0.12.9 (/opt/ros/humble/share/ament_lint_auto/cmake)
[1.653s] -- Added test 'lint_cmake' to check CMake code style
[1.654s] -- Added test 'xmllint' to check XML markup files
[1.654s] -- Configuring done
[1.657s] -- Generating done
[1.658s] -- Build files have been written to: /home/swapnil/ros2_ws/build/my_cpp_pkg
[1.665s] Invoked command in '/home/swapnil/ros2_ws/build/my_cpp_pkg' returned '0': CMAKE_PREFIX_PATH=/home/swapnil/ros2_ws/install/my_py_pkg:/opt/ros/humble /usr/bin/cmake /home/swapnil/ros2_ws/src/my_cpp_pkg -DCMAKE_INSTALL_PREFIX=/home/swapnil/ros2_ws/install/my_cpp_pkg
[1.667s] Invoking command in '/home/swapnil/ros2_ws/build/my_cpp_pkg': CMAKE_PREFIX_PATH=/home/swapnil/ros2_ws/install/my_py_pkg:/opt/ros/humble /usr/bin/cmake --build /home/swapnil/ros2_ws/build/my_cpp_pkg -- -j7 -l7
[1.705s] Invoked command in '/home/swapnil/ros2_ws/build/my_cpp_pkg' returned '0': CMAKE_PREFIX_PATH=/home/swapnil/ros2_ws/install/my_py_pkg:/opt/ros/humble /usr/bin/cmake --build /home/swapnil/ros2_ws/build/my_cpp_pkg -- -j7 -l7
[1.741s] Invoking command in '/home/swapnil/ros2_ws/build/my_cpp_pkg': CMAKE_PREFIX_PATH=/home/swapnil/ros2_ws/install/my_py_pkg:/opt/ros/humble /usr/bin/cmake --install /home/swapnil/ros2_ws/build/my_cpp_pkg
[1.745s] -- Install configuration: ""
[1.745s] -- Installing: /home/swapnil/ros2_ws/install/my_cpp_pkg/share/ament_index/resource_index/package_run_dependencies/my_cpp_pkg
[1.745s] -- Installing: /home/swapnil/ros2_ws/install/my_cpp_pkg/share/ament_index/resource_index/parent_prefix_path/my_cpp_pkg
[1.746s] -- Installing: /home/swapnil/ros2_ws/install/my_cpp_pkg/share/my_cpp_pkg/environment/ament_prefix_path.sh
[1.746s] -- Installing: /home/swapnil/ros2_ws/install/my_cpp_pkg/share/my_cpp_pkg/environment/ament_prefix_path.dsv
[1.746s] -- Installing: /home/swapnil/ros2_ws/install/my_cpp_pkg/share/my_cpp_pkg/environment/path.sh
[1.746s] -- Installing: /home/swapnil/ros2_ws/install/my_cpp_pkg/share/my_cpp_pkg/environment/path.dsv
[1.746s] -- Installing: /home/swapnil/ros2_ws/install/my_cpp_pkg/share/my_cpp_pkg/local_setup.bash
[1.746s] -- Installing: /home/swapnil/ros2_ws/install/my_cpp_pkg/share/my_cpp_pkg/local_setup.sh
[1.746s] -- Installing: /home/swapnil/ros2_ws/install/my_cpp_pkg/share/my_cpp_pkg/local_setup.zsh
[1.746s] -- Installing: /home/swapnil/ros2_ws/install/my_cpp_pkg/share/my_cpp_pkg/local_setup.dsv
[1.746s] -- Installing: /home/swapnil/ros2_ws/install/my_cpp_pkg/share/my_cpp_pkg/package.dsv
[1.746s] -- Installing: /home/swapnil/ros2_ws/install/my_cpp_pkg/share/ament_index/resource_index/packages/my_cpp_pkg
[1.746s] -- Installing: /home/swapnil/ros2_ws/install/my_cpp_pkg/share/my_cpp_pkg/cmake/my_cpp_pkgConfig.cmake
[1.746s] -- Installing: /home/swapnil/ros2_ws/install/my_cpp_pkg/share/my_cpp_pkg/cmake/my_cpp_pkgConfig-version.cmake
[1.746s] -- Installing: /home/swapnil/ros2_ws/install/my_cpp_pkg/share/my_cpp_pkg/package.xml
[1.752s] Invoked command in '/home/swapnil/ros2_ws/build/my_cpp_pkg' returned '0': CMAKE_PREFIX_PATH=/home/swapnil/ros2_ws/install/my_py_pkg:/opt/ros/humble /usr/bin/cmake --install /home/swapnil/ros2_ws/build/my_cpp_pkg
