[0.418s] Invoking command in '/home/swapnil/ros2_ws/build/my_py_pkg': PYTHONPATH=/home/swapnil/ros2_ws/build/my_py_pkg/prefix_override:/home/swapnil/ros2_ws/install/my_py_pkg/lib/python3.10/site-packages:${PYTHONPATH} /usr/bin/python3 setup.py develop --editable --build-directory /home/swapnil/ros2_ws/build/my_py_pkg/build --no-deps install_data
[0.547s] running develop
[0.622s] running egg_info
[0.622s] writing my_py_pkg.egg-info/PKG-INFO
[0.623s] writing dependency_links to my_py_pkg.egg-info/dependency_links.txt
[0.629s] writing entry points to my_py_pkg.egg-info/entry_points.txt
[0.633s] writing requirements to my_py_pkg.egg-info/requires.txt
[0.633s] writing top-level names to my_py_pkg.egg-info/top_level.txt
[0.634s] reading manifest file 'my_py_pkg.egg-info/SOURCES.txt'
[0.635s] writing manifest file 'my_py_pkg.egg-info/SOURCES.txt'
[0.636s] running build_ext
[0.636s] Creating /home/swapnil/ros2_ws/install/my_py_pkg/lib/python3.10/site-packages/my-py-pkg.egg-link (link to .)
[0.636s] Installing add_two_ints_client_no_oop script to /home/swapnil/ros2_ws/install/my_py_pkg/lib/my_py_pkg
[0.637s] Installing add_two_ints_server script to /home/swapnil/ros2_ws/install/my_py_pkg/lib/my_py_pkg
[0.637s] Installing number_counter script to /home/swapnil/ros2_ws/install/my_py_pkg/lib/my_py_pkg
[0.637s] Installing number_publisher script to /home/swapnil/ros2_ws/install/my_py_pkg/lib/my_py_pkg
[0.637s] Installing py_node script to /home/swapnil/ros2_ws/install/my_py_pkg/lib/my_py_pkg
[0.637s] Installing robot_news_station script to /home/swapnil/ros2_ws/install/my_py_pkg/lib/my_py_pkg
[0.637s] Installing smartphone script to /home/swapnil/ros2_ws/install/my_py_pkg/lib/my_py_pkg
[0.637s] 
[0.637s] Installed /home/swapnil/ros2_ws/build/my_py_pkg
[0.637s] running install_data
[0.656s] Invoked command in '/home/swapnil/ros2_ws/build/my_py_pkg' returned '0': PYTHONPATH=/home/swapnil/ros2_ws/build/my_py_pkg/prefix_override:/home/swapnil/ros2_ws/install/my_py_pkg/lib/python3.10/site-packages:${PYTHONPATH} /usr/bin/python3 setup.py develop --editable --build-directory /home/swapnil/ros2_ws/build/my_py_pkg/build --no-deps install_data
