[0.096s] Invoking command in '/home/swapnil/ros2_ws/build/my_cpp_pkg': CMAKE_PREFIX_PATH=${CMAKE_PREFIX_PATH}:/home/swapnil/ros2_ws/install/my_py_pkg:/opt/ros/humble /usr/bin/cmake --build /home/swapnil/ros2_ws/build/my_cpp_pkg -- -j7 -l7
[0.180s] [35m[1mConsolidate compiler generated dependencies of target cpp_node[0m
[0.223s] [ 50%] [32mBuilding CXX object CMakeFiles/cpp_node.dir/src/my_first_node.cpp.o[0m
[2.270s] [100%] [32m[1mLinking CXX executable cpp_node[0m
[2.355s] [100%] Built target cpp_node
[2.363s] Invoked command in '/home/swapnil/ros2_ws/build/my_cpp_pkg' returned '0': CMAKE_PREFIX_PATH=${CMAKE_PREFIX_PATH}:/home/swapnil/ros2_ws/install/my_py_pkg:/opt/ros/humble /usr/bin/cmake --build /home/swapnil/ros2_ws/build/my_cpp_pkg -- -j7 -l7
[2.418s] Invoking command in '/home/swapnil/ros2_ws/build/my_cpp_pkg': CMAKE_PREFIX_PATH=${CMAKE_PREFIX_PATH}:/home/swapnil/ros2_ws/install/my_py_pkg:/opt/ros/humble /usr/bin/cmake --install /home/swapnil/ros2_ws/build/my_cpp_pkg
[2.426s] -- Install configuration: ""
[2.426s] -- Installing: /home/swapnil/ros2_ws/install/my_cpp_pkg/lib/my_cpp_pkg/cpp_node
[2.427s] -- Set runtime path of "/home/swapnil/ros2_ws/install/my_cpp_pkg/lib/my_cpp_pkg/cpp_node" to ""
[2.427s] -- Up-to-date: /home/swapnil/ros2_ws/install/my_cpp_pkg/share/ament_index/resource_index/package_run_dependencies/my_cpp_pkg
[2.427s] -- Up-to-date: /home/swapnil/ros2_ws/install/my_cpp_pkg/share/ament_index/resource_index/parent_prefix_path/my_cpp_pkg
[2.427s] -- Up-to-date: /home/swapnil/ros2_ws/install/my_cpp_pkg/share/my_cpp_pkg/environment/ament_prefix_path.sh
[2.427s] -- Up-to-date: /home/swapnil/ros2_ws/install/my_cpp_pkg/share/my_cpp_pkg/environment/ament_prefix_path.dsv
[2.427s] -- Up-to-date: /home/swapnil/ros2_ws/install/my_cpp_pkg/share/my_cpp_pkg/environment/path.sh
[2.427s] -- Up-to-date: /home/swapnil/ros2_ws/install/my_cpp_pkg/share/my_cpp_pkg/environment/path.dsv
[2.427s] -- Up-to-date: /home/swapnil/ros2_ws/install/my_cpp_pkg/share/my_cpp_pkg/local_setup.bash
[2.427s] -- Up-to-date: /home/swapnil/ros2_ws/install/my_cpp_pkg/share/my_cpp_pkg/local_setup.sh
[2.427s] -- Up-to-date: /home/swapnil/ros2_ws/install/my_cpp_pkg/share/my_cpp_pkg/local_setup.zsh
[2.427s] -- Up-to-date: /home/swapnil/ros2_ws/install/my_cpp_pkg/share/my_cpp_pkg/local_setup.dsv
[2.427s] -- Installing: /home/swapnil/ros2_ws/install/my_cpp_pkg/share/my_cpp_pkg/package.dsv
[2.427s] -- Up-to-date: /home/swapnil/ros2_ws/install/my_cpp_pkg/share/ament_index/resource_index/packages/my_cpp_pkg
[2.427s] -- Up-to-date: /home/swapnil/ros2_ws/install/my_cpp_pkg/share/my_cpp_pkg/cmake/my_cpp_pkgConfig.cmake
[2.435s] -- Up-to-date: /home/swapnil/ros2_ws/install/my_cpp_pkg/share/my_cpp_pkg/cmake/my_cpp_pkgConfig-version.cmake
[2.437s] -- Up-to-date: /home/swapnil/ros2_ws/install/my_cpp_pkg/share/my_cpp_pkg/package.xml
[2.447s] Invoked command in '/home/swapnil/ros2_ws/build/my_cpp_pkg' returned '0': CMAKE_PREFIX_PATH=${CMAKE_PREFIX_PATH}:/home/swapnil/ros2_ws/install/my_py_pkg:/opt/ros/humble /usr/bin/cmake --install /home/swapnil/ros2_ws/build/my_cpp_pkg
